{"meta": {"format": 3, "version": "7.13.3", "timestamp": "2026-02-07T11:32:24.729951", "branch_coverage": false, "show_contexts": false}, "files": {"src/nodetool/fal/__init__.py": {"executed_lines": [4, 5, 6, 9, 11], "summary": {"covered_lines": 5, "num_statements": 5, "percent_covered": 100.0, "percent_covered_display": "100", "missing_lines": 0, "excluded_lines": 0, "percent_statements_covered": 100.0, "percent_statements_covered_display": "100"}, "missing_lines": [], "excluded_lines": [], "functions": {"": {"executed_lines": [4, 5, 6, 9, 11], "summary": {"covered_lines": 5, "num_statements": 5, "percent_covered": 100.0, "percent_covered_display": "100", "missing_lines": 0, "excluded_lines": 0, "percent_statements_covered": 100.0, "percent_statements_covered_display": "100"}, "missing_lines": [], "excluded_lines": [], "start_line": 1}}, "classes": {"": {"executed_lines": [4, 5, 6, 9, 11], "summary": {"covered_lines": 5, "num_statements": 5, "percent_covered": 100.0, "percent_covered_display": "100", "missing_lines": 0, "excluded_lines": 0, "percent_statements_covered": 100.0, "percent_statements_covered_display": "100"}, "missing_lines": [], "excluded_lines": [], "start_line": 1}}}, "src/nodetool/fal/fal_provider.py": {"executed_lines": [8, 9, 10, 11, 12, 13, 15, 16, 17, 18, 19, 20, 21, 22, 23, 24, 26, 29, 32, 34, 35, 36, 38, 48, 52, 56, 57, 69, 71, 73, 74, 75, 78, 79, 80, 82, 84, 85, 86, 87, 89, 90, 93, 94, 95, 98, 100, 101, 104, 105, 108, 109, 112, 113, 116, 117, 125, 126, 134, 136, 207, 289, 484], "summary": {"covered_lines": 63, "num_statements": 174, "percent_covered": 36.206896551724135, "percent_covered_display": "36", "missing_lines": 111, "excluded_lines": 0, "percent_statements_covered": 36.206896551724135, "percent_statements_covered_display": "36"}, "missing_lines": [39, 40, 43, 44, 46, 50, 54, 121, 129, 131, 156, 159, 165, 166, 167, 168, 169, 170, 171, 173, 174, 175, 176, 177, 179, 181, 182, 185, 186, 187, 188, 190, 193, 194, 195, 196, 198, 199, 201, 203, 204, 205, 229, 232, 234, 235, 238, 245, 246, 247, 248, 249, 250, 251, 252, 253, 254, 258, 259, 261, 263, 264, 267, 268, 269, 270, 272, 275, 276, 277, 278, 280, 281, 283, 285, 286, 287, 298, 299, 300, 302, 512, 514, 515, 517, 520, 525, 526, 527, 528, 529, 530, 531, 532, 533, 534, 536, 538, 539, 542, 543, 545, 548, 549, 550, 551, 552, 553, 555, 556, 557], "excluded_lines": [], "functions": {"FalProvider.required_secrets": {"executed_lines": [36], "summary": {"covered_lines": 1, "num_statements": 1, "percent_covered": 100.0, "percent_covered_display": "100", "missing_lines": 0, "excluded_lines": 0, "percent_statements_covered": 100.0, "percent_statements_covered_display": "100"}, "missing_lines": [], "excluded_lines": [], "start_line": 35}, "FalProvider.__init__": {"executed_lines": [], "summary": {"covered_lines": 0, "num_statements": 5, "percent_covered": 0.0, "percent_covered_display": "0", "missing_lines": 5, "excluded_lines": 0, "percent_statements_covered": 0.0, "percent_statements_covered_display": "0"}, "missing_lines": [39, 40, 43, 44, 46], "excluded_lines": [], "start_line": 38}, "FalProvider.get_container_env": {"executed_lines": [], "summary": {"covered_lines": 0, "num_statements": 1, "percent_covered": 0.0, "percent_covered_display": "0", "missing_lines": 1, "excluded_lines": 0, "percent_statements_covered": 0.0, "percent_statements_covered_display": "0"}, "missing_lines": [50], "excluded_lines": [], "start_line": 48}, "FalProvider._get_client": {"executed_lines": [], "summary": {"covered_lines": 0, "num_statements": 1, "percent_covered": 0.0, "percent_covered_display": "0", "missing_lines": 1, "excluded_lines": 0, "percent_statements_covered": 0.0, "percent_statements_covered_display": "0"}, "missing_lines": [54], "excluded_lines": [], "start_line": 52}, "FalProvider._format_validation_error": {"executed_lines": [69, 71, 73, 74, 75, 78, 79, 80, 82, 84, 85, 86, 87, 89, 90, 93, 94, 95, 98, 100, 101, 104, 105, 108, 109, 112, 113, 116, 117, 125, 126, 134], "summary": {"covered_lines": 32, "num_statements": 35, "percent_covered": 91.42857142857143, "percent_covered_display": "91", "missing_lines": 3, "excluded_lines": 0, "percent_statements_covered": 91.42857142857143, "percent_statements_covered_display": "91"}, "missing_lines": [121, 129, 131], "excluded_lines": [], "start_line": 57}, "FalProvider.text_to_image": {"executed_lines": [], "summary": {"covered_lines": 0, "num_statements": 32, "percent_covered": 0.0, "percent_covered_display": "0", "missing_lines": 32, "excluded_lines": 0, "percent_statements_covered": 0.0, "percent_statements_covered_display": "0"}, "missing_lines": [156, 159, 165, 166, 167, 168, 169, 170, 171, 173, 174, 175, 176, 177, 179, 181, 182, 185, 186, 187, 188, 190, 193, 194, 195, 196, 198, 199, 201, 203, 204, 205], "excluded_lines": [], "start_line": 136}, "FalProvider.image_to_image": {"executed_lines": [], "summary": {"covered_lines": 0, "num_statements": 35, "percent_covered": 0.0, "percent_covered_display": "0", "missing_lines": 35, "excluded_lines": 0, "percent_statements_covered": 0.0, "percent_statements_covered_display": "0"}, "missing_lines": [229, 232, 234, 235, 238, 245, 246, 247, 248, 249, 250, 251, 252, 253, 254, 258, 259, 261, 263, 264, 267, 268, 269, 270, 272, 275, 276, 277, 278, 280, 281, 283, 285, 286, 287], "excluded_lines": [], "start_line": 207}, "FalProvider.get_available_image_models": {"executed_lines": [], "summary": {"covered_lines": 0, "num_statements": 4, "percent_covered": 0.0, "percent_covered_display": "0", "missing_lines": 4, "excluded_lines": 0, "percent_statements_covered": 0.0, "percent_statements_covered_display": "0"}, "missing_lines": [298, 299, 300, 302], "excluded_lines": [], "start_line": 289}, "FalProvider.text_to_speech": {"executed_lines": [], "summary": {"covered_lines": 0, "num_statements": 30, "percent_covered": 0.0, "percent_covered_display": "0", "missing_lines": 30, "excluded_lines": 0, "percent_statements_covered": 0.0, "percent_statements_covered_display": "0"}, "missing_lines": [512, 514, 515, 517, 520, 525, 526, 527, 528, 529, 530, 531, 532, 533, 534, 536, 538, 539, 542, 543, 545, 548, 549, 550, 551, 552, 553, 555, 556, 557], "excluded_lines": [], "start_line": 484}, "": {"executed_lines": [8, 9, 10, 11, 12, 13, 15, 16, 17, 18, 19, 20, 21, 22, 23, 24, 26, 29, 32, 34, 35, 38, 48, 52, 56, 57, 136, 207, 289, 484], "summary": {"covered_lines": 30, "num_statements": 30, "percent_covered": 100.0, "percent_covered_display": "100", "missing_lines": 0, "excluded_lines": 0, "percent_statements_covered": 100.0, "percent_statements_covered_display": "100"}, "missing_lines": [], "excluded_lines": [], "start_line": 1}}, "classes": {"FalProvider": {"executed_lines": [36, 69, 71, 73, 74, 75, 78, 79, 80, 82, 84, 85, 86, 87, 89, 90, 93, 94, 95, 98, 100, 101, 104, 105, 108, 109, 112, 113, 116, 117, 125, 126, 134], "summary": {"covered_lines": 33, "num_statements": 144, "percent_covered": 22.916666666666668, "percent_covered_display": "23", "missing_lines": 111, "excluded_lines": 0, "percent_statements_covered": 22.916666666666668, "percent_statements_covered_display": "23"}, "missing_lines": [39, 40, 43, 44, 46, 50, 54, 121, 129, 131, 156, 159, 165, 166, 167, 168, 169, 170, 171, 173, 174, 175, 176, 177, 179, 181, 182, 185, 186, 187, 188, 190, 193, 194, 195, 196, 198, 199, 201, 203, 204, 205, 229, 232, 234, 235, 238, 245, 246, 247, 248, 249, 250, 251, 252, 253, 254, 258, 259, 261, 263, 264, 267, 268, 269, 270, 272, 275, 276, 277, 278, 280, 281, 283, 285, 286, 287, 298, 299, 300, 302, 512, 514, 515, 517, 520, 525, 526, 527, 528, 529, 530, 531, 532, 533, 534, 536, 538, 539, 542, 543, 545, 548, 549, 550, 551, 552, 553, 555, 556, 557], "excluded_lines": [], "start_line": 29}, "": {"executed_lines": [8, 9, 10, 11, 12, 13, 15, 16, 17, 18, 19, 20, 21, 22, 23, 24, 26, 29, 32, 34, 35, 38, 48, 52, 56, 57, 136, 207, 289, 484], "summary": {"covered_lines": 30, "num_statements": 30, "percent_covered": 100.0, "percent_covered_display": "100", "missing_lines": 0, "excluded_lines": 0, "percent_statements_covered": 100.0, "percent_statements_covered_display": "100"}, "missing_lines": [], "excluded_lines": [], "start_line": 1}}}, "src/nodetool/nodes/fal/__init__.py": {"executed_lines": [1, 2, 3, 4, 5, 6, 7, 8, 9], "summary": {"covered_lines": 9, "num_statements": 9, "percent_covered": 100.0, "percent_covered_display": "100", "missing_lines": 0, "excluded_lines": 0, "percent_statements_covered": 100.0, "percent_statements_covered_display": "100"}, "missing_lines": [], "excluded_lines": [], "functions": {"": {"executed_lines": [1, 2, 3, 4, 5, 6, 7, 8, 9], "summary": {"covered_lines": 9, "num_statements": 9, "percent_covered": 100.0, "percent_covered_display": "100", "missing_lines": 0, "excluded_lines": 0, "percent_statements_covered": 100.0, "percent_statements_covered_display": "100"}, "missing_lines": [], "excluded_lines": [], "start_line": 1}}, "classes": {"": {"executed_lines": [1, 2, 3, 4, 5, 6, 7, 8, 9], "summary": {"covered_lines": 9, "num_statements": 9, "percent_covered": 100.0, "percent_covered_display": "100", "missing_lines": 0, "excluded_lines": 0, "percent_statements_covered": 100.0, "percent_statements_covered_display": "100"}, "missing_lines": [], "excluded_lines": [], "start_line": 1}}}, "src/nodetool/nodes/fal/dynamic_schema.py": {"executed_lines": [1, 3, 4, 5, 6, 7, 8, 9, 10, 12, 13, 15, 16, 26, 27, 29, 37, 38, 39, 40, 41, 42, 43, 46, 58, 59, 61, 68, 69, 70, 72, 73, 76, 77, 81, 82, 85, 88, 89, 100, 124, 132, 181, 187, 200, 207, 210, 211, 213, 214, 215, 216, 217, 219, 220, 221, 225, 234, 237, 246, 254, 256, 259, 262, 263, 264, 265, 266, 269, 270, 271, 272, 274, 275, 276, 277, 281, 286, 288, 290, 292, 295, 296, 299, 300, 303, 304, 306, 307, 308, 312, 313, 316, 331, 335, 336, 338, 339, 342, 344, 346, 348, 349, 352, 361, 364, 365, 367, 370, 371, 373, 374, 375, 377, 378, 379, 381, 384, 387, 398, 416, 431, 437, 438, 440, 441, 443, 446, 448, 451, 460, 468, 469, 470, 471, 472, 474, 475, 477, 478, 479, 480, 484, 485, 486, 487, 488, 489, 490, 491, 492, 493, 495, 496, 497, 499, 500, 501, 507, 515, 518, 520, 521, 522, 526, 530, 531, 532, 535, 538, 539, 540, 541, 542, 544, 545, 546, 547, 548, 549, 551, 552, 553, 556, 557, 559, 560, 561, 562, 564, 565, 567, 568, 572, 580, 582, 583, 586, 596, 611, 614, 615, 617, 619, 624, 627, 645, 657, 660, 661, 662, 663, 665, 666, 669, 672, 673, 676, 682, 683, 696, 697, 698, 701, 702, 704, 705, 708, 709, 711, 712, 722, 723, 724, 725, 737, 741, 742, 743, 756, 787, 790, 791, 792, 793, 794, 797, 800, 801, 814, 815, 816, 818, 832, 838, 849, 863, 913, 995], "summary": {"covered_lines": 259, "num_statements": 615, "percent_covered": 42.113821138211385, "percent_covered_display": "42", "missing_lines": 356, "excluded_lines": 0, "percent_statements_covered": 42.113821138211385, "percent_statements_covered_display": "42"}, "missing_lines": [74, 78, 79, 91, 92, 93, 96, 97, 98, 101, 102, 103, 105, 106, 113, 119, 120, 121, 122, 125, 126, 127, 128, 129, 130, 133, 136, 137, 142, 143, 144, 146, 149, 150, 151, 154, 155, 157, 158, 159, 160, 162, 164, 165, 167, 168, 170, 171, 173, 174, 175, 176, 177, 178, 179, 182, 183, 184, 185, 189, 190, 191, 192, 193, 208, 218, 222, 223, 224, 238, 239, 240, 241, 242, 243, 247, 248, 249, 250, 251, 267, 268, 273, 278, 287, 289, 291, 305, 309, 318, 319, 320, 321, 322, 323, 324, 325, 328, 332, 337, 340, 341, 343, 345, 347, 353, 354, 355, 356, 357, 358, 382, 393, 394, 395, 401, 402, 403, 404, 405, 406, 407, 408, 409, 410, 422, 423, 424, 425, 426, 427, 428, 444, 447, 449, 461, 462, 463, 464, 465, 473, 476, 481, 494, 498, 502, 503, 504, 508, 509, 510, 511, 512, 519, 523, 524, 525, 527, 528, 529, 543, 550, 558, 563, 566, 569, 584, 587, 588, 589, 590, 597, 598, 599, 600, 601, 602, 603, 604, 605, 606, 609, 616, 618, 620, 621, 622, 623, 632, 633, 635, 636, 637, 639, 640, 641, 642, 646, 647, 648, 649, 650, 651, 652, 653, 654, 664, 674, 677, 678, 679, 680, 685, 686, 687, 693, 703, 706, 710, 713, 714, 715, 716, 717, 718, 719, 726, 727, 728, 729, 730, 731, 732, 733, 734, 744, 745, 746, 747, 748, 749, 750, 751, 752, 753, 764, 765, 766, 767, 768, 769, 770, 771, 772, 773, 774, 775, 780, 781, 782, 783, 784, 803, 804, 805, 809, 810, 817, 819, 820, 821, 822, 823, 824, 825, 826, 827, 828, 829, 833, 835, 840, 841, 842, 843, 844, 845, 846, 853, 854, 855, 856, 857, 858, 859, 860, 865, 866, 867, 876, 879, 880, 881, 882, 883, 885, 886, 887, 888, 889, 890, 891, 892, 893, 894, 897, 901, 902, 903, 928, 929, 930, 935, 936, 937, 938, 940, 943, 944, 948, 949, 952, 953, 954, 960, 961, 962, 964, 965, 966, 967, 971, 973, 974, 978, 979, 981, 982, 986, 987, 988, 992, 997, 998, 999, 1003], "excluded_lines": [], "functions": {"FalAI.__init__": {"executed_lines": [69, 70], "summary": {"covered_lines": 2, "num_statements": 2, "percent_covered": 100.0, "percent_covered_display": "100", "missing_lines": 0, "excluded_lines": 0, "percent_statements_covered": 100.0, "percent_statements_covered_display": "100"}, "missing_lines": [], "excluded_lines": [], "start_line": 68}, "FalAI.get_basic_fields": {"executed_lines": [], "summary": {"covered_lines": 0, "num_statements": 1, "percent_covered": 0.0, "percent_covered_display": "0", "missing_lines": 1, "excluded_lines": 0, "percent_statements_covered": 0.0, "percent_statements_covered_display": "0"}, "missing_lines": [74], "excluded_lines": [], "start_line": 73}, "FalAI._cache_dir": {"executed_lines": [], "summary": {"covered_lines": 0, "num_statements": 2, "percent_covered": 0.0, "percent_covered_display": "0", "missing_lines": 2, "excluded_lines": 0, "percent_statements_covered": 0.0, "percent_statements_covered_display": "0"}, "missing_lines": [78, 79], "excluded_lines": [], "start_line": 77}, "FalAI._prime_schema_outputs": {"executed_lines": [82, 85, 88, 89], "summary": {"covered_lines": 4, "num_statements": 10, "percent_covered": 40.0, "percent_covered_display": "40", "missing_lines": 6, "excluded_lines": 0, "percent_statements_covered": 40.0, "percent_statements_covered_display": "40"}, "missing_lines": [91, 92, 93, 96, 97, 98], "excluded_lines": [], "start_line": 81}, "FalAI.process": {"executed_lines": [], "summary": {"covered_lines": 0, "num_statements": 10, "percent_covered": 0.0, "percent_covered_display": "0", "missing_lines": 10, "excluded_lines": 0, "percent_statements_covered": 0.0, "percent_statements_covered_display": "0"}, "missing_lines": [101, 102, 103, 105, 106, 113, 119, 120, 121, 122], "excluded_lines": [], "start_line": 100}, "FalAI.find_output_instance": {"executed_lines": [], "summary": {"covered_lines": 0, "num_statements": 6, "percent_covered": 0.0, "percent_covered_display": "0", "missing_lines": 6, "excluded_lines": 0, "percent_statements_covered": 0.0, "percent_statements_covered_display": "0"}, "missing_lines": [125, 126, 127, 128, 129, 130], "excluded_lines": [], "start_line": 124}, "FalAI._load_schema_bundle": {"executed_lines": [], "summary": {"covered_lines": 0, "num_statements": 30, "percent_covered": 0.0, "percent_covered_display": "0", "missing_lines": 30, "excluded_lines": 0, "percent_statements_covered": 0.0, "percent_statements_covered_display": "0"}, "missing_lines": [133, 136, 137, 142, 143, 144, 146, 149, 150, 151, 154, 155, 157, 158, 159, 160, 162, 164, 165, 167, 168, 170, 171, 173, 174, 175, 176, 177, 178, 179], "excluded_lines": [], "start_line": 132}, "FalAI._set_dynamic_outputs": {"executed_lines": [], "summary": {"covered_lines": 0, "num_statements": 4, "percent_covered": 0.0, "percent_covered_display": "0", "missing_lines": 4, "excluded_lines": 0, "percent_statements_covered": 0.0, "percent_statements_covered_display": "0"}, "missing_lines": [182, 183, 184, 185], "excluded_lines": [], "start_line": 181}, "FalAI._set_dynamic_properties": {"executed_lines": [], "summary": {"covered_lines": 0, "num_statements": 5, "percent_covered": 0.0, "percent_covered_display": "0", "missing_lines": 5, "excluded_lines": 0, "percent_statements_covered": 0.0, "percent_statements_covered_display": "0"}, "missing_lines": [189, 190, 191, 192, 193], "excluded_lines": [], "start_line": 187}, "FalAI._build_arguments": {"executed_lines": [207, 210, 211, 213, 214, 215, 216, 217, 219, 220, 221, 225, 234], "summary": {"covered_lines": 13, "num_statements": 18, "percent_covered": 72.22222222222223, "percent_covered_display": "72", "missing_lines": 5, "excluded_lines": 0, "percent_statements_covered": 72.22222222222223, "percent_statements_covered_display": "72"}, "missing_lines": [208, 218, 222, 223, 224], "excluded_lines": [], "start_line": 200}, "_fetch_openapi": {"executed_lines": [], "summary": {"covered_lines": 0, "num_statements": 6, "percent_covered": 0.0, "percent_covered_display": "0", "missing_lines": 6, "excluded_lines": 0, "percent_statements_covered": 0.0, "percent_statements_covered_display": "0"}, "missing_lines": [238, 239, 240, 241, 242, 243], "excluded_lines": [], "start_line": 237}, "_fetch_model_info": {"executed_lines": [], "summary": {"covered_lines": 0, "num_statements": 5, "percent_covered": 0.0, "percent_covered_display": "0", "missing_lines": 5, "excluded_lines": 0, "percent_statements_covered": 0.0, "percent_statements_covered_display": "0"}, "missing_lines": [247, 248, 249, 250, 251], "excluded_lines": [], "start_line": 246}, "_sanitize_endpoint_id": {"executed_lines": [256], "summary": {"covered_lines": 1, "num_statements": 1, "percent_covered": 100.0, "percent_covered_display": "100", "missing_lines": 0, "excluded_lines": 0, "percent_statements_covered": 100.0, "percent_statements_covered_display": "100"}, "missing_lines": [], "excluded_lines": [], "start_line": 254}, "_normalize_model_info": {"executed_lines": [262, 263, 264, 265, 266, 269, 270, 271, 272, 274, 275, 276, 277], "summary": {"covered_lines": 13, "num_statements": 17, "percent_covered": 76.47058823529412, "percent_covered_display": "76", "missing_lines": 4, "excluded_lines": 0, "percent_statements_covered": 76.47058823529412, "percent_statements_covered_display": "76"}, "missing_lines": [267, 268, 273, 278], "excluded_lines": [], "start_line": 259}, "_cache_key_for_model_info": {"executed_lines": [286, 288, 290, 292], "summary": {"covered_lines": 4, "num_statements": 7, "percent_covered": 57.142857142857146, "percent_covered_display": "57", "missing_lines": 3, "excluded_lines": 0, "percent_statements_covered": 57.142857142857146, "percent_statements_covered_display": "57"}, "missing_lines": [287, 289, 291], "excluded_lines": [], "start_line": 281}, "_is_url": {"executed_lines": [296], "summary": {"covered_lines": 1, "num_statements": 1, "percent_covered": 100.0, "percent_covered_display": "100", "missing_lines": 0, "excluded_lines": 0, "percent_statements_covered": 100.0, "percent_statements_covered_display": "100"}, "missing_lines": [], "excluded_lines": [], "start_line": 295}, "_looks_like_endpoint_id": {"executed_lines": [300], "summary": {"covered_lines": 1, "num_statements": 1, "percent_covered": 100.0, "percent_covered_display": "100", "missing_lines": 0, "excluded_lines": 0, "percent_statements_covered": 100.0, "percent_statements_covered_display": "100"}, "missing_lines": [], "excluded_lines": [], "start_line": 299}, "_coerce_llms_url": {"executed_lines": [304, 306, 307, 308], "summary": {"covered_lines": 4, "num_statements": 6, "percent_covered": 66.66666666666667, "percent_covered_display": "67", "missing_lines": 2, "excluded_lines": 0, "percent_statements_covered": 66.66666666666667, "percent_statements_covered_display": "67"}, "missing_lines": [305, 309], "excluded_lines": [], "start_line": 303}, "_is_openapi_url": {"executed_lines": [313], "summary": {"covered_lines": 1, "num_statements": 1, "percent_covered": 100.0, "percent_covered_display": "100", "missing_lines": 0, "excluded_lines": 0, "percent_statements_covered": 100.0, "percent_statements_covered_display": "100"}, "missing_lines": [], "excluded_lines": [], "start_line": 312}, "_normalize_openapi_url": {"executed_lines": [], "summary": {"covered_lines": 0, "num_statements": 9, "percent_covered": 0.0, "percent_covered_display": "0", "missing_lines": 9, "excluded_lines": 0, "percent_statements_covered": 0.0, "percent_statements_covered_display": "0"}, "missing_lines": [318, 319, 320, 321, 322, 323, 324, 325, 328], "excluded_lines": [], "start_line": 316}, "_openapi_url_for_endpoint": {"executed_lines": [], "summary": {"covered_lines": 0, "num_statements": 1, "percent_covered": 0.0, "percent_covered_display": "0", "missing_lines": 1, "excluded_lines": 0, "percent_statements_covered": 0.0, "percent_statements_covered_display": "0"}, "missing_lines": [332], "excluded_lines": [], "start_line": 331}, "_endpoint_from_llms_url": {"executed_lines": [336, 338, 339, 342, 344, 346, 348, 349], "summary": {"covered_lines": 8, "num_statements": 14, "percent_covered": 57.142857142857146, "percent_covered_display": "57", "missing_lines": 6, "excluded_lines": 0, "percent_statements_covered": 57.142857142857146, "percent_statements_covered_display": "57"}, "missing_lines": [337, 340, 341, 343, 345, 347], "excluded_lines": [], "start_line": 335}, "_endpoint_from_openapi_url": {"executed_lines": [], "summary": {"covered_lines": 0, "num_statements": 6, "percent_covered": 0.0, "percent_covered_display": "0", "missing_lines": 6, "excluded_lines": 0, "percent_statements_covered": 0.0, "percent_statements_covered_display": "0"}, "missing_lines": [353, 354, 355, 356, 357, 358], "excluded_lines": [], "start_line": 352}, "_parse_model_info_text": {"executed_lines": [364, 365, 367, 370, 371, 373, 374, 375, 377, 378, 379, 381, 384], "summary": {"covered_lines": 13, "num_statements": 14, "percent_covered": 92.85714285714286, "percent_covered_display": "93", "missing_lines": 1, "excluded_lines": 0, "percent_statements_covered": 92.85714285714286, "percent_statements_covered_display": "93"}, "missing_lines": [382], "excluded_lines": [], "start_line": 361}, "_set_ui_schema_metadata": {"executed_lines": [], "summary": {"covered_lines": 0, "num_statements": 3, "percent_covered": 0.0, "percent_covered_display": "0", "missing_lines": 3, "excluded_lines": 0, "percent_statements_covered": 0.0, "percent_statements_covered_display": "0"}, "missing_lines": [393, 394, 395], "excluded_lines": [], "start_line": 387}, "_load_cached_schema": {"executed_lines": [], "summary": {"covered_lines": 0, "num_statements": 10, "percent_covered": 0.0, "percent_covered_display": "0", "missing_lines": 10, "excluded_lines": 0, "percent_statements_covered": 0.0, "percent_statements_covered_display": "0"}, "missing_lines": [401, 402, 403, 404, 405, 406, 407, 408, 409, 410], "excluded_lines": [], "start_line": 398}, "_save_cached_schema": {"executed_lines": [], "summary": {"covered_lines": 0, "num_statements": 7, "percent_covered": 0.0, "percent_covered_display": "0", "missing_lines": 7, "excluded_lines": 0, "percent_statements_covered": 0.0, "percent_statements_covered_display": "0"}, "missing_lines": [422, 423, 424, 425, 426, 427, 428], "excluded_lines": [], "start_line": 416}, "_parse_openapi_schema": {"executed_lines": [437, 438, 440, 441, 443, 446, 448, 451], "summary": {"covered_lines": 8, "num_statements": 11, "percent_covered": 72.72727272727273, "percent_covered_display": "73", "missing_lines": 3, "excluded_lines": 0, "percent_statements_covered": 72.72727272727273, "percent_statements_covered_display": "73"}, "missing_lines": [444, 447, 449], "excluded_lines": [], "start_line": 431}, "_fallback_endpoint_id": {"executed_lines": [], "summary": {"covered_lines": 0, "num_statements": 5, "percent_covered": 0.0, "percent_covered_display": "0", "missing_lines": 5, "excluded_lines": 0, "percent_statements_covered": 0.0, "percent_statements_covered_display": "0"}, "missing_lines": [461, 462, 463, 464, 465], "excluded_lines": [], "start_line": 460}, "_extract_schema_from_paths": {"executed_lines": [469, 470, 471, 472, 474, 475, 477, 478, 479, 480], "summary": {"covered_lines": 10, "num_statements": 13, "percent_covered": 76.92307692307692, "percent_covered_display": "77", "missing_lines": 3, "excluded_lines": 0, "percent_statements_covered": 76.92307692307692, "percent_statements_covered_display": "77"}, "missing_lines": [473, 476, 481], "excluded_lines": [], "start_line": 468}, "_extract_output_schema": {"executed_lines": [485, 486, 487, 488, 489, 490, 491, 492, 493, 495, 496, 497, 499, 500, 501], "summary": {"covered_lines": 15, "num_statements": 20, "percent_covered": 75.0, "percent_covered_display": "75", "missing_lines": 5, "excluded_lines": 0, "percent_statements_covered": 75.0, "percent_statements_covered_display": "75"}, "missing_lines": [494, 498, 502, 503, 504], "excluded_lines": [], "start_line": 484}, "_is_queue_status_schema": {"executed_lines": [], "summary": {"covered_lines": 0, "num_statements": 5, "percent_covered": 0.0, "percent_covered_display": "0", "missing_lines": 5, "excluded_lines": 0, "percent_statements_covered": 0.0, "percent_statements_covered_display": "0"}, "missing_lines": [508, 509, 510, 511, 512], "excluded_lines": [], "start_line": 507}, "_resolve_schema_ref": {"executed_lines": [518, 520, 521, 522, 526, 530, 531, 532], "summary": {"covered_lines": 8, "num_statements": 15, "percent_covered": 53.333333333333336, "percent_covered_display": "53", "missing_lines": 7, "excluded_lines": 0, "percent_statements_covered": 53.333333333333336, "percent_statements_covered_display": "53"}, "missing_lines": [519, 523, 524, 525, 527, 528, 529], "excluded_lines": [], "start_line": 515}, "_merge_all_of": {"executed_lines": [538, 539, 540, 541, 542, 544, 545, 546, 547, 548, 549, 551, 552, 553], "summary": {"covered_lines": 14, "num_statements": 16, "percent_covered": 87.5, "percent_covered_display": "88", "missing_lines": 2, "excluded_lines": 0, "percent_statements_covered": 87.5, "percent_statements_covered_display": "88"}, "missing_lines": [543, 550], "excluded_lines": [], "start_line": 535}, "_resolve_ref": {"executed_lines": [557, 559, 560, 561, 562, 564, 565, 567, 568], "summary": {"covered_lines": 9, "num_statements": 13, "percent_covered": 69.23076923076923, "percent_covered_display": "69", "missing_lines": 4, "excluded_lines": 0, "percent_statements_covered": 69.23076923076923, "percent_statements_covered_display": "69"}, "missing_lines": [558, 563, 566, 569], "excluded_lines": [], "start_line": 556}, "_coerce_input_value": {"executed_lines": [580, 582, 583, 586, 596, 611], "summary": {"covered_lines": 6, "num_statements": 22, "percent_covered": 27.272727272727273, "percent_covered_display": "27", "missing_lines": 16, "excluded_lines": 0, "percent_statements_covered": 27.272727272727273, "percent_statements_covered_display": "27"}, "missing_lines": [584, 587, 588, 589, 590, 597, 598, 599, 600, 601, 602, 603, 604, 605, 606, 609], "excluded_lines": [], "start_line": 572}, "_coerce_asset_ref": {"executed_lines": [615, 617, 619, 624], "summary": {"covered_lines": 4, "num_statements": 10, "percent_covered": 40.0, "percent_covered_display": "40", "missing_lines": 6, "excluded_lines": 0, "percent_statements_covered": 40.0, "percent_statements_covered_display": "40"}, "missing_lines": [616, 618, 620, 621, 622, 623], "excluded_lines": [], "start_line": 614}, "_serialize_asset_ref": {"executed_lines": [], "summary": {"covered_lines": 0, "num_statements": 9, "percent_covered": 0.0, "percent_covered_display": "0", "missing_lines": 9, "excluded_lines": 0, "percent_statements_covered": 0.0, "percent_statements_covered_display": "0"}, "missing_lines": [632, 633, 635, 636, 637, 639, 640, 641, 642], "excluded_lines": [], "start_line": 627}, "_asset_content_type": {"executed_lines": [], "summary": {"covered_lines": 0, "num_statements": 9, "percent_covered": 0.0, "percent_covered_display": "0", "missing_lines": 9, "excluded_lines": 0, "percent_statements_covered": 0.0, "percent_statements_covered_display": "0"}, "missing_lines": [646, 647, 648, 649, 650, 651, 652, 653, 654], "excluded_lines": [], "start_line": 645}, "_map_output_values": {"executed_lines": [660, 661, 662, 663, 665, 666], "summary": {"covered_lines": 6, "num_statements": 7, "percent_covered": 85.71428571428571, "percent_covered_display": "86", "missing_lines": 1, "excluded_lines": 0, "percent_statements_covered": 85.71428571428571, "percent_statements_covered_display": "86"}, "missing_lines": [664], "excluded_lines": [], "start_line": 657}, "_map_output_value": {"executed_lines": [672, 673, 676, 682, 683], "summary": {"covered_lines": 5, "num_statements": 14, "percent_covered": 35.714285714285715, "percent_covered_display": "36", "missing_lines": 9, "excluded_lines": 0, "percent_statements_covered": 35.714285714285715, "percent_statements_covered_display": "36"}, "missing_lines": [674, 677, 678, 679, 680, 685, 686, 687, 693], "excluded_lines": [], "start_line": 669}, "_is_file_schema": {"executed_lines": [697, 698], "summary": {"covered_lines": 2, "num_statements": 2, "percent_covered": 100.0, "percent_covered_display": "100", "missing_lines": 0, "excluded_lines": 0, "percent_statements_covered": 100.0, "percent_statements_covered_display": "100"}, "missing_lines": [], "excluded_lines": [], "start_line": 696}, "_map_file_output": {"executed_lines": [702, 704, 705, 708, 709, 711, 712], "summary": {"covered_lines": 7, "num_statements": 17, "percent_covered": 41.1764705882353, "percent_covered_display": "41", "missing_lines": 10, "excluded_lines": 0, "percent_statements_covered": 41.1764705882353, "percent_statements_covered_display": "41"}, "missing_lines": [703, 706, 710, 713, 714, 715, 716, 717, 718, 719], "excluded_lines": [], "start_line": 701}, "_infer_asset_type": {"executed_lines": [723, 724, 725], "summary": {"covered_lines": 3, "num_statements": 12, "percent_covered": 25.0, "percent_covered_display": "25", "missing_lines": 9, "excluded_lines": 0, "percent_statements_covered": 25.0, "percent_statements_covered_display": "25"}, "missing_lines": [726, 727, 728, 729, 730, 731, 732, 733, 734], "excluded_lines": [], "start_line": 722}, "_is_url_or_image_array": {"executed_lines": [741, 742, 743], "summary": {"covered_lines": 3, "num_statements": 13, "percent_covered": 23.076923076923077, "percent_covered_display": "23", "missing_lines": 10, "excluded_lines": 0, "percent_statements_covered": 23.076923076923077, "percent_statements_covered_display": "23"}, "missing_lines": [744, 745, 746, 747, 748, 749, 750, 751, 752, 753], "excluded_lines": [], "start_line": 737}, "_default_value_for_input_property": {"executed_lines": [], "summary": {"covered_lines": 0, "num_statements": 17, "percent_covered": 0.0, "percent_covered_display": "0", "missing_lines": 17, "excluded_lines": 0, "percent_statements_covered": 0.0, "percent_statements_covered_display": "0"}, "missing_lines": [764, 765, 766, 767, 768, 769, 770, 771, 772, 773, 774, 775, 780, 781, 782, 783, 784], "excluded_lines": [], "start_line": 756}, "_build_output_types": {"executed_lines": [790, 791, 792, 793, 794], "summary": {"covered_lines": 5, "num_statements": 5, "percent_covered": 100.0, "percent_covered_display": "100", "missing_lines": 0, "excluded_lines": 0, "percent_statements_covered": 100.0, "percent_statements_covered_display": "100"}, "missing_lines": [], "excluded_lines": [], "start_line": 787}, "_infer_output_type": {"executed_lines": [800, 801, 814, 815, 816, 818], "summary": {"covered_lines": 6, "num_statements": 23, "percent_covered": 26.08695652173913, "percent_covered_display": "26", "missing_lines": 17, "excluded_lines": 0, "percent_statements_covered": 26.08695652173913, "percent_statements_covered_display": "26"}, "missing_lines": [803, 804, 805, 809, 810, 817, 819, 820, 821, 822, 823, 824, 825, 826, 827, 828, 829], "excluded_lines": [], "start_line": 797}, "_make_output_slot": {"executed_lines": [], "summary": {"covered_lines": 0, "num_statements": 2, "percent_covered": 0.0, "percent_covered_display": "0", "missing_lines": 2, "excluded_lines": 0, "percent_statements_covered": 0.0, "percent_statements_covered_display": "0"}, "missing_lines": [833, 835], "excluded_lines": [], "start_line": 832}, "_parse_pasted_openapi": {"executed_lines": [], "summary": {"covered_lines": 0, "num_statements": 7, "percent_covered": 0.0, "percent_covered_display": "0", "missing_lines": 7, "excluded_lines": 0, "percent_statements_covered": 0.0, "percent_statements_covered_display": "0"}, "missing_lines": [840, 841, 842, 843, 844, 845, 846], "excluded_lines": [], "start_line": 838}, "_build_input_types": {"executed_lines": [], "summary": {"covered_lines": 0, "num_statements": 8, "percent_covered": 0.0, "percent_covered_display": "0", "missing_lines": 8, "excluded_lines": 0, "percent_statements_covered": 0.0, "percent_statements_covered_display": "0"}, "missing_lines": [853, 854, 855, 856, 857, 858, 859, 860], "excluded_lines": [], "start_line": 849}, "_schema_bundle_to_resolve_result": {"executed_lines": [], "summary": {"covered_lines": 0, "num_statements": 23, "percent_covered": 0.0, "percent_covered_display": "0", "missing_lines": 23, "excluded_lines": 0, "percent_statements_covered": 0.0, "percent_statements_covered_display": "0"}, "missing_lines": [865, 866, 867, 876, 879, 880, 881, 882, 883, 885, 886, 887, 888, 889, 890, 891, 892, 893, 894, 897, 901, 902, 903], "excluded_lines": [], "start_line": 863}, "resolve_dynamic_schema": {"executed_lines": [], "summary": {"covered_lines": 0, "num_statements": 33, "percent_covered": 0.0, "percent_covered_display": "0", "missing_lines": 33, "excluded_lines": 0, "percent_statements_covered": 0.0, "percent_statements_covered_display": "0"}, "missing_lines": [928, 929, 930, 935, 936, 937, 938, 940, 943, 944, 948, 949, 952, 953, 954, 960, 961, 962, 964, 965, 966, 967, 971, 973, 974, 978, 979, 981, 982, 986, 987, 988, 992], "excluded_lines": [], "start_line": 913}, "_type_metadata_to_dict": {"executed_lines": [], "summary": {"covered_lines": 0, "num_statements": 4, "percent_covered": 0.0, "percent_covered_display": "0", "missing_lines": 4, "excluded_lines": 0, "percent_statements_covered": 0.0, "percent_statements_covered_display": "0"}, "missing_lines": [997, 998, 999, 1003], "excluded_lines": [], "start_line": 995}, "": {"executed_lines": [1, 3, 4, 5, 6, 7, 8, 9, 10, 12, 13, 15, 16, 26, 27, 29, 37, 38, 39, 40, 41, 42, 43, 46, 58, 59, 61, 68, 72, 73, 76, 77, 81, 100, 124, 132, 181, 187, 200, 237, 246, 254, 259, 281, 295, 299, 303, 312, 316, 331, 335, 352, 361, 387, 398, 416, 431, 460, 468, 484, 507, 515, 535, 556, 572, 614, 627, 645, 657, 669, 696, 701, 722, 737, 756, 787, 797, 832, 838, 849, 863, 913, 995], "summary": {"covered_lines": 83, "num_statements": 83, "percent_covered": 100.0, "percent_covered_display": "100", "missing_lines": 0, "excluded_lines": 0, "percent_statements_covered": 100.0, "percent_statements_covered_display": "100"}, "missing_lines": [], "excluded_lines": [], "start_line": 1}}, "classes": {"FalSchemaBundle": {"executed_lines": [], "summary": {"covered_lines": 0, "num_statements": 0, "percent_covered": 100.0, "percent_covered_display": "100", "missing_lines": 0, "excluded_lines": 0, "percent_statements_covered": 100.0, "percent_statements_covered_display": "100"}, "missing_lines": [], "excluded_lines": [], "start_line": 38}, "FalAI": {"executed_lines": [69, 70, 82, 85, 88, 89, 207, 210, 211, 213, 214, 215, 216, 217, 219, 220, 221, 225, 234], "summary": {"covered_lines": 19, "num_statements": 88, "percent_covered": 21.59090909090909, "percent_covered_display": "22", "missing_lines": 69, "excluded_lines": 0, "percent_statements_covered": 21.59090909090909, "percent_statements_covered_display": "22"}, "missing_lines": [74, 78, 79, 91, 92, 93, 96, 97, 98, 101, 102, 103, 105, 106, 113, 119, 120, 121, 122, 125, 126, 127, 128, 129, 130, 133, 136, 137, 142, 143, 144, 146, 149, 150, 151, 154, 155, 157, 158, 159, 160, 162, 164, 165, 167, 168, 170, 171, 173, 174, 175, 176, 177, 178, 179, 182, 183, 184, 185, 189, 190, 191, 192, 193, 208, 218, 222, 223, 224], "excluded_lines": [], "start_line": 46}, "": {"executed_lines": [1, 3, 4, 5, 6, 7, 8, 9, 10, 12, 13, 15, 16, 26, 27, 29, 37, 38, 39, 40, 41, 42, 43, 46, 58, 59, 61, 68, 72, 73, 76, 77, 81, 100, 124, 132, 181, 187, 200, 237, 246, 254, 256, 259, 262, 263, 264, 265, 266, 269, 270, 271, 272, 274, 275, 276, 277, 281, 286, 288, 290, 292, 295, 296, 299, 300, 303, 304, 306, 307, 308, 312, 313, 316, 331, 335, 336, 338, 339, 342, 344, 346, 348, 349, 352, 361, 364, 365, 367, 370, 371, 373, 374, 375, 377, 378, 379, 381, 384, 387, 398, 416, 431, 437, 438, 440, 441, 443, 446, 448, 451, 460, 468, 469, 470, 471, 472, 474, 475, 477, 478, 479, 480, 484, 485, 486, 487, 488, 489, 490, 491, 492, 493, 495, 496, 497, 499, 500, 501, 507, 515, 518, 520, 521, 522, 526, 530, 531, 532, 535, 538, 539, 540, 541, 542, 544, 545, 546, 547, 548, 549, 551, 552, 553, 556, 557, 559, 560, 561, 562, 564, 565, 567, 568, 572, 580, 582, 583, 586, 596, 611, 614, 615, 617, 619, 624, 627, 645, 657, 660, 661, 662, 663, 665, 666, 669, 672, 673, 676, 682, 683, 696, 697, 698, 701, 702, 704, 705, 708, 709, 711, 712, 722, 723, 724, 725, 737, 741, 742, 743, 756, 787, 790, 791, 792, 793, 794, 797, 800, 801, 814, 815, 816, 818, 832, 838, 849, 863, 913, 995], "summary": {"covered_lines": 240, "num_statements": 527, "percent_covered": 45.54079696394687, "percent_covered_display": "46", "missing_lines": 287, "excluded_lines": 0, "percent_statements_covered": 45.54079696394687, "percent_statements_covered_display": "46"}, "missing_lines": [238, 239, 240, 241, 242, 243, 247, 248, 249, 250, 251, 267, 268, 273, 278, 287, 289, 291, 305, 309, 318, 319, 320, 321, 322, 323, 324, 325, 328, 332, 337, 340, 341, 343, 345, 347, 353, 354, 355, 356, 357, 358, 382, 393, 394, 395, 401, 402, 403, 404, 405, 406, 407, 408, 409, 410, 422, 423, 424, 425, 426, 427, 428, 444, 447, 449, 461, 462, 463, 464, 465, 473, 476, 481, 494, 498, 502, 503, 504, 508, 509, 510, 511, 512, 519, 523, 524, 525, 527, 528, 529, 543, 550, 558, 563, 566, 569, 584, 587, 588, 589, 590, 597, 598, 599, 600, 601, 602, 603, 604, 605, 606, 609, 616, 618, 620, 621, 622, 623, 632, 633, 635, 636, 637, 639, 640, 641, 642, 646, 647, 648, 649, 650, 651, 652, 653, 654, 664, 674, 677, 678, 679, 680, 685, 686, 687, 693, 703, 706, 710, 713, 714, 715, 716, 717, 718, 719, 726, 727, 728, 729, 730, 731, 732, 733, 734, 744, 745, 746, 747, 748, 749, 750, 751, 752, 753, 764, 765, 766, 767, 768, 769, 770, 771, 772, 773, 774, 775, 780, 781, 782, 783, 784, 803, 804, 805, 809, 810, 817, 819, 820, 821, 822, 823, 824, 825, 826, 827, 828, 829, 833, 835, 840, 841, 842, 843, 844, 845, 846, 853, 854, 855, 856, 857, 858, 859, 860, 865, 866, 867, 876, 879, 880, 881, 882, 883, 885, 886, 887, 888, 889, 890, 891, 892, 893, 894, 897, 901, 902, 903, 928, 929, 930, 935, 936, 937, 938, 940, 943, 944, 948, 949, 952, 953, 954, 960, 961, 962, 964, 965, 966, 967, 971, 973, 974, 978, 979, 981, 982, 986, 987, 988, 992, 997, 998, 999, 1003], "excluded_lines": [], "start_line": 1}}}, "src/nodetool/nodes/fal/fal_node.py": {"executed_lines": [1, 2, 3, 4, 5, 7, 10, 16, 18, 19, 20, 22, 29], "summary": {"covered_lines": 13, "num_statements": 26, "percent_covered": 50.0, "percent_covered_display": "50", "missing_lines": 13, "excluded_lines": 0, "percent_statements_covered": 50.0, "percent_statements_covered_display": "50"}, "missing_lines": [23, 24, 25, 27, 46, 47, 53, 54, 55, 56, 58, 61, 62], "excluded_lines": [], "functions": {"FALNode.is_visible": {"executed_lines": [20], "summary": {"covered_lines": 1, "num_statements": 1, "percent_covered": 100.0, "percent_covered_display": "100", "missing_lines": 0, "excluded_lines": 0, "percent_statements_covered": 100.0, "percent_statements_covered_display": "100"}, "missing_lines": [], "excluded_lines": [], "start_line": 19}, "FALNode.get_client": {"executed_lines": [], "summary": {"covered_lines": 0, "num_statements": 4, "percent_covered": 0.0, "percent_covered_display": "0", "missing_lines": 4, "excluded_lines": 0, "percent_statements_covered": 0.0, "percent_statements_covered_display": "0"}, "missing_lines": [23, 24, 25, 27], "excluded_lines": [], "start_line": 22}, "FALNode.submit_request": {"executed_lines": [], "summary": {"covered_lines": 0, "num_statements": 9, "percent_covered": 0.0, "percent_covered_display": "0", "missing_lines": 9, "excluded_lines": 0, "percent_statements_covered": 0.0, "percent_statements_covered_display": "0"}, "missing_lines": [46, 47, 53, 54, 55, 56, 58, 61, 62], "excluded_lines": [], "start_line": 29}, "": {"executed_lines": [1, 2, 3, 4, 5, 7, 10, 16, 18, 19, 22, 29], "summary": {"covered_lines": 12, "num_statements": 12, "percent_covered": 100.0, "percent_covered_display": "100", "missing_lines": 0, "excluded_lines": 0, "percent_statements_covered": 100.0, "percent_statements_covered_display": "100"}, "missing_lines": [], "excluded_lines": [], "start_line": 1}}, "classes": {"FALNode": {"executed_lines": [20], "summary": {"covered_lines": 1, "num_statements": 14, "percent_covered": 7.142857142857143, "percent_covered_display": "7", "missing_lines": 13, "excluded_lines": 0, "percent_statements_covered": 7.142857142857143, "percent_statements_covered_display": "7"}, "missing_lines": [23, 24, 25, 27, 46, 47, 53, 54, 55, 56, 58, 61, 62], "excluded_lines": [], "start_line": 10}, "": {"executed_lines": [1, 2, 3, 4, 5, 7, 10, 16, 18, 19, 22, 29], "summary": {"covered_lines": 12, "num_statements": 12, "percent_covered": 100.0, "percent_covered_display": "100", "missing_lines": 0, "excluded_lines": 0, "percent_statements_covered": 100.0, "percent_statements_covered_display": "100"}, "missing_lines": [], "excluded_lines": [], "start_line": 1}}}, "src/nodetool/nodes/fal/image_to_image.py": {"executed_lines": [1, 2, 3, 5, 6, 7, 8, 11, 22, 25, 29, 32, 35, 38, 41, 44, 49, 74, 75, 79, 90, 93, 97, 100, 103, 106, 109, 112, 115, 120, 146, 147, 151, 161, 164, 168, 171, 174, 177, 181, 204, 205, 209, 219, 222, 226, 229, 232, 235, 238, 242, 266, 267, 271, 283, 286, 287, 290, 293, 296, 300, 324, 325, 329, 341, 345, 346, 350, 353, 356, 359, 363, 387, 388, 392, 404, 408, 409, 413, 416, 419, 422, 426, 450, 451, 455, 466, 470, 471, 475, 478, 484, 487, 491, 515, 516, 520, 532, 536, 537, 541, 544, 550, 553, 557, 581, 582, 589, 600, 603, 604, 605, 609, 613, 617, 640, 641, 645, 657, 658, 659, 662, 665, 669, 673, 677, 700, 701, 705, 718, 719, 722, 727, 745, 746, 750, 762, 765, 768, 771, 774, 778, 783, 811, 812, 816, 828, 831, 834, 835, 838, 841, 845, 874, 875, 879, 891, 892, 895, 896, 899, 903, 925, 926, 930, 941, 942, 946, 950, 954, 958, 962, 966, 969, 972, 973, 977, 1003, 1004, 1008, 1014, 1018, 1031, 1032, 1036, 1047, 1051, 1058, 1077, 1078, 1082, 1093, 1097, 1099, 1118, 1119, 1123, 1136, 1137, 1140, 1141, 1142, 1144, 1166, 1167, 1171, 1184, 1185, 1188, 1189, 1190, 1192, 1215, 1216, 1220, 1233, 1234, 1235, 1237, 1256, 1257, 1261, 1274, 1275, 1276, 1279, 1281, 1301, 1302, 1306, 1319, 1322, 1325, 1326, 1329, 1331, 1353, 1354, 1358, 1371, 1375, 1390, 1391, 1395, 1408, 1412, 1427, 1428, 1432, 1445, 1448, 1454, 1457, 1461, 1479, 1480, 1484, 1497, 1500, 1502, 1518, 1519, 1523, 1536, 1540, 1555, 1556, 1560, 1573, 1577, 1592, 1593, 1597, 1610, 1613, 1617, 1638, 1639, 1643, 1656, 1659, 1662, 1665, 1668, 1671, 1673, 1696, 1697, 1701, 1714, 1717, 1720, 1723, 1726, 1729, 1731, 1754, 1755, 1759, 1772, 1775, 1778, 1780, 1800, 1801, 1805, 1818, 1820, 1835, 1836, 1840, 1853, 1854, 1857, 1860, 1863, 1866, 1869, 1871, 1895, 1896, 1900, 1913, 1914, 1918, 1935, 1936, 1940, 1953, 1954, 1958, 1975, 1976, 1980, 1993, 1996, 1998, 2014, 2015, 2019, 2032, 2033, 2037, 2041, 2044, 2050, 2051, 2055, 2083, 2084, 2088, 2101, 2104, 2107, 2111, 2115, 2118, 2119, 2122, 2126, 2157, 2158, 2162, 2175, 2178, 2179, 2182, 2183, 2184, 2189, 2211, 2212, 2216, 2229, 2232, 2235, 2240, 2260, 2261, 2265, 2278, 2282, 2297, 2298, 2302, 2303, 2304, 2305, 2306, 2307, 2308, 2309, 2310, 2313, 2314, 2315, 2318, 2332, 2335, 2339, 2342, 2346, 2350, 2353, 2357, 2359, 2395, 2396], "summary": {"covered_lines": 408, "num_statements": 822, "percent_covered": 49.63503649635037, "percent_covered_display": "50", "missing_lines": 414, "excluded_lines": 0, "percent_statements_covered": 49.63503649635037, "percent_statements_covered_display": "50"}, "missing_lines": [50, 52, 60, 61, 62, 63, 65, 70, 71, 72, 76, 121, 123, 132, 133, 134, 135, 137, 142, 143, 144, 148, 182, 184, 192, 193, 195, 200, 201, 202, 206, 243, 245, 254, 255, 257, 262, 263, 264, 268, 301, 302, 304, 312, 313, 315, 320, 321, 322, 326, 364, 366, 375, 376, 378, 383, 384, 385, 389, 427, 429, 438, 439, 441, 446, 447, 448, 452, 492, 494, 503, 504, 506, 511, 512, 513, 517, 558, 560, 569, 570, 572, 577, 578, 579, 583, 618, 619, 621, 628, 629, 631, 636, 637, 638, 642, 678, 680, 688, 689, 691, 696, 697, 698, 702, 728, 729, 731, 737, 742, 743, 747, 784, 785, 789, 802, 807, 808, 809, 813, 846, 847, 851, 862, 863, 865, 870, 871, 872, 876, 904, 905, 907, 913, 914, 916, 921, 922, 923, 927, 978, 980, 992, 993, 995, 1000, 1001, 1005, 1019, 1021, 1023, 1028, 1029, 1033, 1059, 1061, 1066, 1071, 1072, 1073, 1074, 1075, 1079, 1100, 1102, 1107, 1112, 1113, 1114, 1115, 1116, 1120, 1145, 1146, 1148, 1154, 1155, 1157, 1162, 1163, 1164, 1168, 1193, 1195, 1200, 1201, 1202, 1203, 1204, 1206, 1211, 1212, 1213, 1217, 1238, 1240, 1244, 1245, 1247, 1252, 1253, 1254, 1258, 1282, 1284, 1289, 1290, 1292, 1297, 1298, 1299, 1303, 1332, 1334, 1339, 1340, 1341, 1342, 1344, 1349, 1350, 1351, 1355, 1376, 1378, 1382, 1387, 1388, 1392, 1413, 1415, 1419, 1424, 1425, 1429, 1462, 1464, 1471, 1476, 1477, 1481, 1503, 1505, 1510, 1515, 1516, 1520, 1541, 1543, 1547, 1552, 1553, 1557, 1578, 1580, 1584, 1589, 1590, 1594, 1618, 1620, 1621, 1622, 1623, 1625, 1630, 1635, 1636, 1640, 1674, 1676, 1682, 1683, 1684, 1685, 1687, 1692, 1693, 1694, 1698, 1732, 1734, 1740, 1741, 1742, 1743, 1745, 1750, 1751, 1752, 1756, 1781, 1783, 1786, 1787, 1788, 1789, 1791, 1796, 1797, 1798, 1802, 1821, 1823, 1827, 1832, 1833, 1837, 1872, 1874, 1881, 1882, 1883, 1884, 1886, 1891, 1892, 1893, 1897, 1919, 1920, 1922, 1927, 1932, 1933, 1937, 1959, 1961, 1964, 1965, 1967, 1972, 1973, 1977, 1999, 2001, 2006, 2011, 2012, 2016, 2057, 2058, 2059, 2060, 2061, 2063, 2071, 2072, 2074, 2079, 2080, 2081, 2085, 2128, 2129, 2130, 2131, 2132, 2134, 2141, 2142, 2143, 2144, 2145, 2146, 2148, 2153, 2154, 2155, 2159, 2190, 2192, 2198, 2199, 2200, 2201, 2203, 2208, 2209, 2213, 2241, 2242, 2244, 2249, 2250, 2252, 2257, 2258, 2262, 2283, 2285, 2289, 2294, 2295, 2299, 2360, 2362, 2369, 2370, 2371, 2372, 2375, 2376, 2377, 2378, 2379, 2380, 2383, 2384, 2386, 2391, 2392, 2393, 2397], "excluded_lines": [], "functions": {"FluxSchnellRedux.process": {"executed_lines": [], "summary": {"covered_lines": 0, "num_statements": 10, "percent_covered": 0.0, "percent_covered_display": "0", "missing_lines": 10, "excluded_lines": 0, "percent_statements_covered": 0.0, "percent_statements_covered_display": "0"}, "missing_lines": [50, 52, 60, 61, 62, 63, 65, 70, 71, 72], "excluded_lines": [], "start_line": 49}, "FluxSchnellRedux.get_basic_fields": {"executed_lines": [], "summary": {"covered_lines": 0, "num_statements": 1, "percent_covered": 0.0, "percent_covered_display": "0", "missing_lines": 1, "excluded_lines": 0, "percent_statements_covered": 0.0, "percent_statements_covered_display": "0"}, "missing_lines": [76], "excluded_lines": [], "start_line": 75}, "FluxDevRedux.process": {"executed_lines": [], "summary": {"covered_lines": 0, "num_statements": 10, "percent_covered": 0.0, "percent_covered_display": "0", "missing_lines": 10, "excluded_lines": 0, "percent_statements_covered": 0.0, "percent_statements_covered_display": "0"}, "missing_lines": [121, 123, 132, 133, 134, 135, 137, 142, 143, 144], "excluded_lines": [], "start_line": 120}, "FluxDevRedux.get_basic_fields": {"executed_lines": [], "summary": {"covered_lines": 0, "num_statements": 1, "percent_covered": 0.0, "percent_covered_display": "0", "missing_lines": 1, "excluded_lines": 0, "percent_statements_covered": 0.0, "percent_statements_covered_display": "0"}, "missing_lines": [148], "excluded_lines": [], "start_line": 147}, "FluxProRedux.process": {"executed_lines": [], "summary": {"covered_lines": 0, "num_statements": 8, "percent_covered": 0.0, "percent_covered_display": "0", "missing_lines": 8, "excluded_lines": 0, "percent_statements_covered": 0.0, "percent_statements_covered_display": "0"}, "missing_lines": [182, 184, 192, 193, 195, 200, 201, 202], "excluded_lines": [], "start_line": 181}, "FluxProRedux.get_basic_fields": {"executed_lines": [], "summary": {"covered_lines": 0, "num_statements": 1, "percent_covered": 0.0, "percent_covered_display": "0", "missing_lines": 1, "excluded_lines": 0, "percent_statements_covered": 0.0, "percent_statements_covered_display": "0"}, "missing_lines": [206], "excluded_lines": [], "start_line": 205}, "FluxProUltraRedux.process": {"executed_lines": [], "summary": {"covered_lines": 0, "num_statements": 8, "percent_covered": 0.0, "percent_covered_display": "0", "missing_lines": 8, "excluded_lines": 0, "percent_statements_covered": 0.0, "percent_statements_covered_display": "0"}, "missing_lines": [243, 245, 254, 255, 257, 262, 263, 264], "excluded_lines": [], "start_line": 242}, "FluxProUltraRedux.get_basic_fields": {"executed_lines": [], "summary": {"covered_lines": 0, "num_statements": 1, "percent_covered": 0.0, "percent_covered_display": "0", "missing_lines": 1, "excluded_lines": 0, "percent_statements_covered": 0.0, "percent_statements_covered_display": "0"}, "missing_lines": [268], "excluded_lines": [], "start_line": 267}, "FluxProFill.process": {"executed_lines": [], "summary": {"covered_lines": 0, "num_statements": 9, "percent_covered": 0.0, "percent_covered_display": "0", "missing_lines": 9, "excluded_lines": 0, "percent_statements_covered": 0.0, "percent_statements_covered_display": "0"}, "missing_lines": [301, 302, 304, 312, 313, 315, 320, 321, 322], "excluded_lines": [], "start_line": 300}, "FluxProFill.get_basic_fields": {"executed_lines": [], "summary": {"covered_lines": 0, "num_statements": 1, "percent_covered": 0.0, "percent_covered_display": "0", "missing_lines": 1, "excluded_lines": 0, "percent_statements_covered": 0.0, "percent_statements_covered_display": "0"}, "missing_lines": [326], "excluded_lines": [], "start_line": 325}, "FluxProCanny.process": {"executed_lines": [], "summary": {"covered_lines": 0, "num_statements": 8, "percent_covered": 0.0, "percent_covered_display": "0", "missing_lines": 8, "excluded_lines": 0, "percent_statements_covered": 0.0, "percent_statements_covered_display": "0"}, "missing_lines": [364, 366, 375, 376, 378, 383, 384, 385], "excluded_lines": [], "start_line": 363}, "FluxProCanny.get_basic_fields": {"executed_lines": [], "summary": {"covered_lines": 0, "num_statements": 1, "percent_covered": 0.0, "percent_covered_display": "0", "missing_lines": 1, "excluded_lines": 0, "percent_statements_covered": 0.0, "percent_statements_covered_display": "0"}, "missing_lines": [389], "excluded_lines": [], "start_line": 388}, "FluxProDepth.process": {"executed_lines": [], "summary": {"covered_lines": 0, "num_statements": 8, "percent_covered": 0.0, "percent_covered_display": "0", "missing_lines": 8, "excluded_lines": 0, "percent_statements_covered": 0.0, "percent_statements_covered_display": "0"}, "missing_lines": [427, 429, 438, 439, 441, 446, 447, 448], "excluded_lines": [], "start_line": 426}, "FluxProDepth.get_basic_fields": {"executed_lines": [], "summary": {"covered_lines": 0, "num_statements": 1, "percent_covered": 0.0, "percent_covered_display": "0", "missing_lines": 1, "excluded_lines": 0, "percent_statements_covered": 0.0, "percent_statements_covered_display": "0"}, "missing_lines": [452], "excluded_lines": [], "start_line": 451}, "FluxLoraCanny.process": {"executed_lines": [], "summary": {"covered_lines": 0, "num_statements": 8, "percent_covered": 0.0, "percent_covered_display": "0", "missing_lines": 8, "excluded_lines": 0, "percent_statements_covered": 0.0, "percent_statements_covered_display": "0"}, "missing_lines": [492, 494, 503, 504, 506, 511, 512, 513], "excluded_lines": [], "start_line": 491}, "FluxLoraCanny.get_basic_fields": {"executed_lines": [], "summary": {"covered_lines": 0, "num_statements": 1, "percent_covered": 0.0, "percent_covered_display": "0", "missing_lines": 1, "excluded_lines": 0, "percent_statements_covered": 0.0, "percent_statements_covered_display": "0"}, "missing_lines": [517], "excluded_lines": [], "start_line": 516}, "FluxLoraDepth.process": {"executed_lines": [], "summary": {"covered_lines": 0, "num_statements": 8, "percent_covered": 0.0, "percent_covered_display": "0", "missing_lines": 8, "excluded_lines": 0, "percent_statements_covered": 0.0, "percent_statements_covered_display": "0"}, "missing_lines": [558, 560, 569, 570, 572, 577, 578, 579], "excluded_lines": [], "start_line": 557}, "FluxLoraDepth.get_basic_fields": {"executed_lines": [], "summary": {"covered_lines": 0, "num_statements": 1, "percent_covered": 0.0, "percent_covered_display": "0", "missing_lines": 1, "excluded_lines": 0, "percent_statements_covered": 0.0, "percent_statements_covered_display": "0"}, "missing_lines": [583], "excluded_lines": [], "start_line": 582}, "IdeogramV2Edit.process": {"executed_lines": [], "summary": {"covered_lines": 0, "num_statements": 9, "percent_covered": 0.0, "percent_covered_display": "0", "missing_lines": 9, "excluded_lines": 0, "percent_statements_covered": 0.0, "percent_statements_covered_display": "0"}, "missing_lines": [618, 619, 621, 628, 629, 631, 636, 637, 638], "excluded_lines": [], "start_line": 617}, "IdeogramV2Edit.get_basic_fields": {"executed_lines": [], "summary": {"covered_lines": 0, "num_statements": 1, "percent_covered": 0.0, "percent_covered_display": "0", "missing_lines": 1, "excluded_lines": 0, "percent_statements_covered": 0.0, "percent_statements_covered_display": "0"}, "missing_lines": [642], "excluded_lines": [], "start_line": 641}, "IdeogramV2Remix.process": {"executed_lines": [], "summary": {"covered_lines": 0, "num_statements": 8, "percent_covered": 0.0, "percent_covered_display": "0", "missing_lines": 8, "excluded_lines": 0, "percent_statements_covered": 0.0, "percent_statements_covered_display": "0"}, "missing_lines": [678, 680, 688, 689, 691, 696, 697, 698], "excluded_lines": [], "start_line": 677}, "IdeogramV2Remix.get_basic_fields": {"executed_lines": [], "summary": {"covered_lines": 0, "num_statements": 1, "percent_covered": 0.0, "percent_covered_display": "0", "missing_lines": 1, "excluded_lines": 0, "percent_statements_covered": 0.0, "percent_statements_covered_display": "0"}, "missing_lines": [702], "excluded_lines": [], "start_line": 701}, "BriaEraser.process": {"executed_lines": [], "summary": {"covered_lines": 0, "num_statements": 6, "percent_covered": 0.0, "percent_covered_display": "0", "missing_lines": 6, "excluded_lines": 0, "percent_statements_covered": 0.0, "percent_statements_covered_display": "0"}, "missing_lines": [728, 729, 731, 737, 742, 743], "excluded_lines": [], "start_line": 727}, "BriaEraser.get_basic_fields": {"executed_lines": [], "summary": {"covered_lines": 0, "num_statements": 1, "percent_covered": 0.0, "percent_covered_display": "0", "missing_lines": 1, "excluded_lines": 0, "percent_statements_covered": 0.0, "percent_statements_covered_display": "0"}, "missing_lines": [747], "excluded_lines": [], "start_line": 746}, "BriaProductShot.process": {"executed_lines": [], "summary": {"covered_lines": 0, "num_statements": 7, "percent_covered": 0.0, "percent_covered_display": "0", "missing_lines": 7, "excluded_lines": 0, "percent_statements_covered": 0.0, "percent_statements_covered_display": "0"}, "missing_lines": [784, 785, 789, 802, 807, 808, 809], "excluded_lines": [], "start_line": 783}, "BriaProductShot.get_basic_fields": {"executed_lines": [], "summary": {"covered_lines": 0, "num_statements": 1, "percent_covered": 0.0, "percent_covered_display": "0", "missing_lines": 1, "excluded_lines": 0, "percent_statements_covered": 0.0, "percent_statements_covered_display": "0"}, "missing_lines": [813], "excluded_lines": [], "start_line": 812}, "BriaBackgroundReplace.process": {"executed_lines": [], "summary": {"covered_lines": 0, "num_statements": 9, "percent_covered": 0.0, "percent_covered_display": "0", "missing_lines": 9, "excluded_lines": 0, "percent_statements_covered": 0.0, "percent_statements_covered_display": "0"}, "missing_lines": [846, 847, 851, 862, 863, 865, 870, 871, 872], "excluded_lines": [], "start_line": 845}, "BriaBackgroundReplace.get_basic_fields": {"executed_lines": [], "summary": {"covered_lines": 0, "num_statements": 1, "percent_covered": 0.0, "percent_covered_display": "0", "missing_lines": 1, "excluded_lines": 0, "percent_statements_covered": 0.0, "percent_statements_covered_display": "0"}, "missing_lines": [876], "excluded_lines": [], "start_line": 875}, "BriaGenFill.process": {"executed_lines": [], "summary": {"covered_lines": 0, "num_statements": 9, "percent_covered": 0.0, "percent_covered_display": "0", "missing_lines": 9, "excluded_lines": 0, "percent_statements_covered": 0.0, "percent_statements_covered_display": "0"}, "missing_lines": [904, 905, 907, 913, 914, 916, 921, 922, 923], "excluded_lines": [], "start_line": 903}, "BriaGenFill.get_basic_fields": {"executed_lines": [], "summary": {"covered_lines": 0, "num_statements": 1, "percent_covered": 0.0, "percent_covered_display": "0", "missing_lines": 1, "excluded_lines": 0, "percent_statements_covered": 0.0, "percent_statements_covered_display": "0"}, "missing_lines": [927], "excluded_lines": [], "start_line": 926}, "BriaExpand.process": {"executed_lines": [], "summary": {"covered_lines": 0, "num_statements": 7, "percent_covered": 0.0, "percent_covered_display": "0", "missing_lines": 7, "excluded_lines": 0, "percent_statements_covered": 0.0, "percent_statements_covered_display": "0"}, "missing_lines": [978, 980, 992, 993, 995, 1000, 1001], "excluded_lines": [], "start_line": 977}, "BriaExpand.get_basic_fields": {"executed_lines": [], "summary": {"covered_lines": 0, "num_statements": 1, "percent_covered": 0.0, "percent_covered_display": "0", "missing_lines": 1, "excluded_lines": 0, "percent_statements_covered": 0.0, "percent_statements_covered_display": "0"}, "missing_lines": [1005], "excluded_lines": [], "start_line": 1004}, "BriaBackgroundRemove.process": {"executed_lines": [], "summary": {"covered_lines": 0, "num_statements": 5, "percent_covered": 0.0, "percent_covered_display": "0", "missing_lines": 5, "excluded_lines": 0, "percent_statements_covered": 0.0, "percent_statements_covered_display": "0"}, "missing_lines": [1019, 1021, 1023, 1028, 1029], "excluded_lines": [], "start_line": 1018}, "BriaBackgroundRemove.get_basic_fields": {"executed_lines": [], "summary": {"covered_lines": 0, "num_statements": 1, "percent_covered": 0.0, "percent_covered_display": "0", "missing_lines": 1, "excluded_lines": 0, "percent_statements_covered": 0.0, "percent_statements_covered_display": "0"}, "missing_lines": [1033], "excluded_lines": [], "start_line": 1032}, "ClarityUpscaler.process": {"executed_lines": [], "summary": {"covered_lines": 0, "num_statements": 8, "percent_covered": 0.0, "percent_covered_display": "0", "missing_lines": 8, "excluded_lines": 0, "percent_statements_covered": 0.0, "percent_statements_covered_display": "0"}, "missing_lines": [1059, 1061, 1066, 1071, 1072, 1073, 1074, 1075], "excluded_lines": [], "start_line": 1058}, "ClarityUpscaler.get_basic_fields": {"executed_lines": [], "summary": {"covered_lines": 0, "num_statements": 1, "percent_covered": 0.0, "percent_covered_display": "0", "missing_lines": 1, "excluded_lines": 0, "percent_statements_covered": 0.0, "percent_statements_covered_display": "0"}, "missing_lines": [1079], "excluded_lines": [], "start_line": 1078}, "WanEffects.process": {"executed_lines": [], "summary": {"covered_lines": 0, "num_statements": 8, "percent_covered": 0.0, "percent_covered_display": "0", "missing_lines": 8, "excluded_lines": 0, "percent_statements_covered": 0.0, "percent_statements_covered_display": "0"}, "missing_lines": [1100, 1102, 1107, 1112, 1113, 1114, 1115, 1116], "excluded_lines": [], "start_line": 1099}, "WanEffects.get_basic_fields": {"executed_lines": [], "summary": {"covered_lines": 0, "num_statements": 1, "percent_covered": 0.0, "percent_covered_display": "0", "missing_lines": 1, "excluded_lines": 0, "percent_statements_covered": 0.0, "percent_statements_covered_display": "0"}, "missing_lines": [1120], "excluded_lines": [], "start_line": 1119}, "IdeogramV3Edit.process": {"executed_lines": [], "summary": {"covered_lines": 0, "num_statements": 9, "percent_covered": 0.0, "percent_covered_display": "0", "missing_lines": 9, "excluded_lines": 0, "percent_statements_covered": 0.0, "percent_statements_covered_display": "0"}, "missing_lines": [1145, 1146, 1148, 1154, 1155, 1157, 1162, 1163, 1164], "excluded_lines": [], "start_line": 1144}, "IdeogramV3Edit.get_basic_fields": {"executed_lines": [], "summary": {"covered_lines": 0, "num_statements": 1, "percent_covered": 0.0, "percent_covered_display": "0", "missing_lines": 1, "excluded_lines": 0, "percent_statements_covered": 0.0, "percent_statements_covered_display": "0"}, "missing_lines": [1168], "excluded_lines": [], "start_line": 1167}, "GPTImage1Edit.process": {"executed_lines": [], "summary": {"covered_lines": 0, "num_statements": 11, "percent_covered": 0.0, "percent_covered_display": "0", "missing_lines": 11, "excluded_lines": 0, "percent_statements_covered": 0.0, "percent_statements_covered_display": "0"}, "missing_lines": [1193, 1195, 1200, 1201, 1202, 1203, 1204, 1206, 1211, 1212, 1213], "excluded_lines": [], "start_line": 1192}, "GPTImage1Edit.get_basic_fields": {"executed_lines": [], "summary": {"covered_lines": 0, "num_statements": 1, "percent_covered": 0.0, "percent_covered_display": "0", "missing_lines": 1, "excluded_lines": 0, "percent_statements_covered": 0.0, "percent_statements_covered_display": "0"}, "missing_lines": [1217], "excluded_lines": [], "start_line": 1216}, "GeminiFlashEdit.process": {"executed_lines": [], "summary": {"covered_lines": 0, "num_statements": 8, "percent_covered": 0.0, "percent_covered_display": "0", "missing_lines": 8, "excluded_lines": 0, "percent_statements_covered": 0.0, "percent_statements_covered_display": "0"}, "missing_lines": [1238, 1240, 1244, 1245, 1247, 1252, 1253, 1254], "excluded_lines": [], "start_line": 1237}, "GeminiFlashEdit.get_basic_fields": {"executed_lines": [], "summary": {"covered_lines": 0, "num_statements": 1, "percent_covered": 0.0, "percent_covered_display": "0", "missing_lines": 1, "excluded_lines": 0, "percent_statements_covered": 0.0, "percent_statements_covered_display": "0"}, "missing_lines": [1258], "excluded_lines": [], "start_line": 1257}, "Flux2TurboEdit.process": {"executed_lines": [], "summary": {"covered_lines": 0, "num_statements": 8, "percent_covered": 0.0, "percent_covered_display": "0", "missing_lines": 8, "excluded_lines": 0, "percent_statements_covered": 0.0, "percent_statements_covered_display": "0"}, "missing_lines": [1282, 1284, 1289, 1290, 1292, 1297, 1298, 1299], "excluded_lines": [], "start_line": 1281}, "Flux2TurboEdit.get_basic_fields": {"executed_lines": [], "summary": {"covered_lines": 0, "num_statements": 1, "percent_covered": 0.0, "percent_covered_display": "0", "missing_lines": 1, "excluded_lines": 0, "percent_statements_covered": 0.0, "percent_statements_covered_display": "0"}, "missing_lines": [1303], "excluded_lines": [], "start_line": 1302}, "CreativeUpscaler.process": {"executed_lines": [], "summary": {"covered_lines": 0, "num_statements": 10, "percent_covered": 0.0, "percent_covered_display": "0", "missing_lines": 10, "excluded_lines": 0, "percent_statements_covered": 0.0, "percent_statements_covered_display": "0"}, "missing_lines": [1332, 1334, 1339, 1340, 1341, 1342, 1344, 1349, 1350, 1351], "excluded_lines": [], "start_line": 1331}, "CreativeUpscaler.get_basic_fields": {"executed_lines": [], "summary": {"covered_lines": 0, "num_statements": 1, "percent_covered": 0.0, "percent_covered_display": "0", "missing_lines": 1, "excluded_lines": 0, "percent_statements_covered": 0.0, "percent_statements_covered_display": "0"}, "missing_lines": [1355], "excluded_lines": [], "start_line": 1354}, "BiRefNet.process": {"executed_lines": [], "summary": {"covered_lines": 0, "num_statements": 5, "percent_covered": 0.0, "percent_covered_display": "0", "missing_lines": 5, "excluded_lines": 0, "percent_statements_covered": 0.0, "percent_statements_covered_display": "0"}, "missing_lines": [1376, 1378, 1382, 1387, 1388], "excluded_lines": [], "start_line": 1375}, "BiRefNet.get_basic_fields": {"executed_lines": [], "summary": {"covered_lines": 0, "num_statements": 1, "percent_covered": 0.0, "percent_covered_display": "0", "missing_lines": 1, "excluded_lines": 0, "percent_statements_covered": 0.0, "percent_statements_covered_display": "0"}, "missing_lines": [1392], "excluded_lines": [], "start_line": 1391}, "BiRefNetV2.process": {"executed_lines": [], "summary": {"covered_lines": 0, "num_statements": 5, "percent_covered": 0.0, "percent_covered_display": "0", "missing_lines": 5, "excluded_lines": 0, "percent_statements_covered": 0.0, "percent_statements_covered_display": "0"}, "missing_lines": [1413, 1415, 1419, 1424, 1425], "excluded_lines": [], "start_line": 1412}, "BiRefNetV2.get_basic_fields": {"executed_lines": [], "summary": {"covered_lines": 0, "num_statements": 1, "percent_covered": 0.0, "percent_covered_display": "0", "missing_lines": 1, "excluded_lines": 0, "percent_statements_covered": 0.0, "percent_statements_covered_display": "0"}, "missing_lines": [1429], "excluded_lines": [], "start_line": 1428}, "CodeFormer.process": {"executed_lines": [], "summary": {"covered_lines": 0, "num_statements": 5, "percent_covered": 0.0, "percent_covered_display": "0", "missing_lines": 5, "excluded_lines": 0, "percent_statements_covered": 0.0, "percent_statements_covered_display": "0"}, "missing_lines": [1462, 1464, 1471, 1476, 1477], "excluded_lines": [], "start_line": 1461}, "CodeFormer.get_basic_fields": {"executed_lines": [], "summary": {"covered_lines": 0, "num_statements": 1, "percent_covered": 0.0, "percent_covered_display": "0", "missing_lines": 1, "excluded_lines": 0, "percent_statements_covered": 0.0, "percent_statements_covered_display": "0"}, "missing_lines": [1481], "excluded_lines": [], "start_line": 1480}, "ESRGAN.process": {"executed_lines": [], "summary": {"covered_lines": 0, "num_statements": 5, "percent_covered": 0.0, "percent_covered_display": "0", "missing_lines": 5, "excluded_lines": 0, "percent_statements_covered": 0.0, "percent_statements_covered_display": "0"}, "missing_lines": [1503, 1505, 1510, 1515, 1516], "excluded_lines": [], "start_line": 1502}, "ESRGAN.get_basic_fields": {"executed_lines": [], "summary": {"covered_lines": 0, "num_statements": 1, "percent_covered": 0.0, "percent_covered_display": "0", "missing_lines": 1, "excluded_lines": 0, "percent_statements_covered": 0.0, "percent_statements_covered_display": "0"}, "missing_lines": [1520], "excluded_lines": [], "start_line": 1519}, "ImageUtilsRembg.process": {"executed_lines": [], "summary": {"covered_lines": 0, "num_statements": 5, "percent_covered": 0.0, "percent_covered_display": "0", "missing_lines": 5, "excluded_lines": 0, "percent_statements_covered": 0.0, "percent_statements_covered_display": "0"}, "missing_lines": [1541, 1543, 1547, 1552, 1553], "excluded_lines": [], "start_line": 1540}, "ImageUtilsRembg.get_basic_fields": {"executed_lines": [], "summary": {"covered_lines": 0, "num_statements": 1, "percent_covered": 0.0, "percent_covered_display": "0", "missing_lines": 1, "excluded_lines": 0, "percent_statements_covered": 0.0, "percent_statements_covered_display": "0"}, "missing_lines": [1557], "excluded_lines": [], "start_line": 1556}, "ImageUtilsDepth.process": {"executed_lines": [], "summary": {"covered_lines": 0, "num_statements": 5, "percent_covered": 0.0, "percent_covered_display": "0", "missing_lines": 5, "excluded_lines": 0, "percent_statements_covered": 0.0, "percent_statements_covered_display": "0"}, "missing_lines": [1578, 1580, 1584, 1589, 1590], "excluded_lines": [], "start_line": 1577}, "ImageUtilsDepth.get_basic_fields": {"executed_lines": [], "summary": {"covered_lines": 0, "num_statements": 1, "percent_covered": 0.0, "percent_covered_display": "0", "missing_lines": 1, "excluded_lines": 0, "percent_statements_covered": 0.0, "percent_statements_covered_display": "0"}, "missing_lines": [1594], "excluded_lines": [], "start_line": 1593}, "LivePortrait.process": {"executed_lines": [], "summary": {"covered_lines": 0, "num_statements": 9, "percent_covered": 0.0, "percent_covered_display": "0", "missing_lines": 9, "excluded_lines": 0, "percent_statements_covered": 0.0, "percent_statements_covered_display": "0"}, "missing_lines": [1618, 1620, 1621, 1622, 1623, 1625, 1630, 1635, 1636], "excluded_lines": [], "start_line": 1617}, "LivePortrait.get_basic_fields": {"executed_lines": [], "summary": {"covered_lines": 0, "num_statements": 1, "percent_covered": 0.0, "percent_covered_display": "0", "missing_lines": 1, "excluded_lines": 0, "percent_statements_covered": 0.0, "percent_statements_covered_display": "0"}, "missing_lines": [1640], "excluded_lines": [], "start_line": 1639}, "PuLID.process": {"executed_lines": [], "summary": {"covered_lines": 0, "num_statements": 10, "percent_covered": 0.0, "percent_covered_display": "0", "missing_lines": 10, "excluded_lines": 0, "percent_statements_covered": 0.0, "percent_statements_covered_display": "0"}, "missing_lines": [1674, 1676, 1682, 1683, 1684, 1685, 1687, 1692, 1693, 1694], "excluded_lines": [], "start_line": 1673}, "PuLID.get_basic_fields": {"executed_lines": [], "summary": {"covered_lines": 0, "num_statements": 1, "percent_covered": 0.0, "percent_covered_display": "0", "missing_lines": 1, "excluded_lines": 0, "percent_statements_covered": 0.0, "percent_statements_covered_display": "0"}, "missing_lines": [1698], "excluded_lines": [], "start_line": 1697}, "PhotoMaker.process": {"executed_lines": [], "summary": {"covered_lines": 0, "num_statements": 10, "percent_covered": 0.0, "percent_covered_display": "0", "missing_lines": 10, "excluded_lines": 0, "percent_statements_covered": 0.0, "percent_statements_covered_display": "0"}, "missing_lines": [1732, 1734, 1740, 1741, 1742, 1743, 1745, 1750, 1751, 1752], "excluded_lines": [], "start_line": 1731}, "PhotoMaker.get_basic_fields": {"executed_lines": [], "summary": {"covered_lines": 0, "num_statements": 1, "percent_covered": 0.0, "percent_covered_display": "0", "missing_lines": 1, "excluded_lines": 0, "percent_statements_covered": 0.0, "percent_statements_covered_display": "0"}, "missing_lines": [1756], "excluded_lines": [], "start_line": 1755}, "FaceToSticker.process": {"executed_lines": [], "summary": {"covered_lines": 0, "num_statements": 10, "percent_covered": 0.0, "percent_covered_display": "0", "missing_lines": 10, "excluded_lines": 0, "percent_statements_covered": 0.0, "percent_statements_covered_display": "0"}, "missing_lines": [1781, 1783, 1786, 1787, 1788, 1789, 1791, 1796, 1797, 1798], "excluded_lines": [], "start_line": 1780}, "FaceToSticker.get_basic_fields": {"executed_lines": [], "summary": {"covered_lines": 0, "num_statements": 1, "percent_covered": 0.0, "percent_covered_display": "0", "missing_lines": 1, "excluded_lines": 0, "percent_statements_covered": 0.0, "percent_statements_covered_display": "0"}, "missing_lines": [1802], "excluded_lines": [], "start_line": 1801}, "Cartoonify.process": {"executed_lines": [], "summary": {"covered_lines": 0, "num_statements": 5, "percent_covered": 0.0, "percent_covered_display": "0", "missing_lines": 5, "excluded_lines": 0, "percent_statements_covered": 0.0, "percent_statements_covered_display": "0"}, "missing_lines": [1821, 1823, 1827, 1832, 1833], "excluded_lines": [], "start_line": 1820}, "Cartoonify.get_basic_fields": {"executed_lines": [], "summary": {"covered_lines": 0, "num_statements": 1, "percent_covered": 0.0, "percent_covered_display": "0", "missing_lines": 1, "excluded_lines": 0, "percent_statements_covered": 0.0, "percent_statements_covered_display": "0"}, "missing_lines": [1837], "excluded_lines": [], "start_line": 1836}, "KolorsImageToImage.process": {"executed_lines": [], "summary": {"covered_lines": 0, "num_statements": 10, "percent_covered": 0.0, "percent_covered_display": "0", "missing_lines": 10, "excluded_lines": 0, "percent_statements_covered": 0.0, "percent_statements_covered_display": "0"}, "missing_lines": [1872, 1874, 1881, 1882, 1883, 1884, 1886, 1891, 1892, 1893], "excluded_lines": [], "start_line": 1871}, "KolorsImageToImage.get_basic_fields": {"executed_lines": [], "summary": {"covered_lines": 0, "num_statements": 1, "percent_covered": 0.0, "percent_covered_display": "0", "missing_lines": 1, "excluded_lines": 0, "percent_statements_covered": 0.0, "percent_statements_covered_display": "0"}, "missing_lines": [1897], "excluded_lines": [], "start_line": 1896}, "ObjectRemoval.process": {"executed_lines": [], "summary": {"covered_lines": 0, "num_statements": 6, "percent_covered": 0.0, "percent_covered_display": "0", "missing_lines": 6, "excluded_lines": 0, "percent_statements_covered": 0.0, "percent_statements_covered_display": "0"}, "missing_lines": [1919, 1920, 1922, 1927, 1932, 1933], "excluded_lines": [], "start_line": 1918}, "ObjectRemoval.get_basic_fields": {"executed_lines": [], "summary": {"covered_lines": 0, "num_statements": 1, "percent_covered": 0.0, "percent_covered_display": "0", "missing_lines": 1, "excluded_lines": 0, "percent_statements_covered": 0.0, "percent_statements_covered_display": "0"}, "missing_lines": [1937], "excluded_lines": [], "start_line": 1936}, "Retoucher.process": {"executed_lines": [], "summary": {"covered_lines": 0, "num_statements": 7, "percent_covered": 0.0, "percent_covered_display": "0", "missing_lines": 7, "excluded_lines": 0, "percent_statements_covered": 0.0, "percent_statements_covered_display": "0"}, "missing_lines": [1959, 1961, 1964, 1965, 1967, 1972, 1973], "excluded_lines": [], "start_line": 1958}, "Retoucher.get_basic_fields": {"executed_lines": [], "summary": {"covered_lines": 0, "num_statements": 1, "percent_covered": 0.0, "percent_covered_display": "0", "missing_lines": 1, "excluded_lines": 0, "percent_statements_covered": 0.0, "percent_statements_covered_display": "0"}, "missing_lines": [1977], "excluded_lines": [], "start_line": 1976}, "CCSR.process": {"executed_lines": [], "summary": {"covered_lines": 0, "num_statements": 5, "percent_covered": 0.0, "percent_covered_display": "0", "missing_lines": 5, "excluded_lines": 0, "percent_statements_covered": 0.0, "percent_statements_covered_display": "0"}, "missing_lines": [1999, 2001, 2006, 2011, 2012], "excluded_lines": [], "start_line": 1998}, "CCSR.get_basic_fields": {"executed_lines": [], "summary": {"covered_lines": 0, "num_statements": 1, "percent_covered": 0.0, "percent_covered_display": "0", "missing_lines": 1, "excluded_lines": 0, "percent_statements_covered": 0.0, "percent_statements_covered_display": "0"}, "missing_lines": [2016], "excluded_lines": [], "start_line": 2015}, "HunyuanImageV3InstructEdit.process": {"executed_lines": [], "summary": {"covered_lines": 0, "num_statements": 12, "percent_covered": 0.0, "percent_covered_display": "0", "missing_lines": 12, "excluded_lines": 0, "percent_statements_covered": 0.0, "percent_statements_covered_display": "0"}, "missing_lines": [2057, 2058, 2059, 2060, 2061, 2063, 2071, 2072, 2074, 2079, 2080, 2081], "excluded_lines": [], "start_line": 2055}, "HunyuanImageV3InstructEdit.get_basic_fields": {"executed_lines": [], "summary": {"covered_lines": 0, "num_statements": 1, "percent_covered": 0.0, "percent_covered_display": "0", "missing_lines": 1, "excluded_lines": 0, "percent_statements_covered": 0.0, "percent_statements_covered_display": "0"}, "missing_lines": [2085], "excluded_lines": [], "start_line": 2084}, "QwenImageMaxEdit.process": {"executed_lines": [], "summary": {"covered_lines": 0, "num_statements": 16, "percent_covered": 0.0, "percent_covered_display": "0", "missing_lines": 16, "excluded_lines": 0, "percent_statements_covered": 0.0, "percent_statements_covered_display": "0"}, "missing_lines": [2128, 2129, 2130, 2131, 2132, 2134, 2141, 2142, 2143, 2144, 2145, 2146, 2148, 2153, 2154, 2155], "excluded_lines": [], "start_line": 2126}, "QwenImageMaxEdit.get_basic_fields": {"executed_lines": [], "summary": {"covered_lines": 0, "num_statements": 1, "percent_covered": 0.0, "percent_covered_display": "0", "missing_lines": 1, "excluded_lines": 0, "percent_statements_covered": 0.0, "percent_statements_covered_display": "0"}, "missing_lines": [2159], "excluded_lines": [], "start_line": 2158}, "BriaReplaceBackground.process": {"executed_lines": [], "summary": {"covered_lines": 0, "num_statements": 9, "percent_covered": 0.0, "percent_covered_display": "0", "missing_lines": 9, "excluded_lines": 0, "percent_statements_covered": 0.0, "percent_statements_covered_display": "0"}, "missing_lines": [2190, 2192, 2198, 2199, 2200, 2201, 2203, 2208, 2209], "excluded_lines": [], "start_line": 2189}, "BriaReplaceBackground.get_basic_fields": {"executed_lines": [], "summary": {"covered_lines": 0, "num_statements": 1, "percent_covered": 0.0, "percent_covered_display": "0", "missing_lines": 1, "excluded_lines": 0, "percent_statements_covered": 0.0, "percent_statements_covered_display": "0"}, "missing_lines": [2213], "excluded_lines": [], "start_line": 2212}, "FaceSwapImage.process": {"executed_lines": [], "summary": {"covered_lines": 0, "num_statements": 8, "percent_covered": 0.0, "percent_covered_display": "0", "missing_lines": 8, "excluded_lines": 0, "percent_statements_covered": 0.0, "percent_statements_covered_display": "0"}, "missing_lines": [2241, 2242, 2244, 2249, 2250, 2252, 2257, 2258], "excluded_lines": [], "start_line": 2240}, "FaceSwapImage.get_basic_fields": {"executed_lines": [], "summary": {"covered_lines": 0, "num_statements": 1, "percent_covered": 0.0, "percent_covered_display": "0", "missing_lines": 1, "excluded_lines": 0, "percent_statements_covered": 0.0, "percent_statements_covered_display": "0"}, "missing_lines": [2262], "excluded_lines": [], "start_line": 2261}, "BriaFiboRestore.process": {"executed_lines": [], "summary": {"covered_lines": 0, "num_statements": 5, "percent_covered": 0.0, "percent_covered_display": "0", "missing_lines": 5, "excluded_lines": 0, "percent_statements_covered": 0.0, "percent_statements_covered_display": "0"}, "missing_lines": [2283, 2285, 2289, 2294, 2295], "excluded_lines": [], "start_line": 2282}, "BriaFiboRestore.get_basic_fields": {"executed_lines": [], "summary": {"covered_lines": 0, "num_statements": 1, "percent_covered": 0.0, "percent_covered_display": "0", "missing_lines": 1, "excluded_lines": 0, "percent_statements_covered": 0.0, "percent_statements_covered_display": "0"}, "missing_lines": [2299], "excluded_lines": [], "start_line": 2298}, "KlingImage3ImageToImage.process": {"executed_lines": [], "summary": {"covered_lines": 0, "num_statements": 18, "percent_covered": 0.0, "percent_covered_display": "0", "missing_lines": 18, "excluded_lines": 0, "percent_statements_covered": 0.0, "percent_statements_covered_display": "0"}, "missing_lines": [2360, 2362, 2369, 2370, 2371, 2372, 2375, 2376, 2377, 2378, 2379, 2380, 2383, 2384, 2386, 2391, 2392, 2393], "excluded_lines": [], "start_line": 2359}, "KlingImage3ImageToImage.get_basic_fields": {"executed_lines": [], "summary": {"covered_lines": 0, "num_statements": 1, "percent_covered": 0.0, "percent_covered_display": "0", "missing_lines": 1, "excluded_lines": 0, "percent_statements_covered": 0.0, "percent_statements_covered_display": "0"}, "missing_lines": [2397], "excluded_lines": [], "start_line": 2396}, "": {"executed_lines": [1, 2, 3, 5, 6, 7, 8, 11, 22, 25, 29, 32, 35, 38, 41, 44, 49, 74, 75, 79, 90, 93, 97, 100, 103, 106, 109, 112, 115, 120, 146, 147, 151, 161, 164, 168, 171, 174, 177, 181, 204, 205, 209,
[...]
0.0, "percent_covered_display": "0", "missing_lines": 8, "excluded_lines": 0, "percent_statements_covered": 0.0, "percent_statements_covered_display": "0"}, "missing_lines": [1552, 1558, 1559, 1560, 1561, 1563, 1568, 1569], "excluded_lines": [], "start_line": 1551}, "KlingO3TextToVideo.get_basic_fields": {"executed_lines": [], "summary": {"covered_lines": 0, "num_statements": 1, "percent_covered": 0.0, "percent_covered_display": "0", "missing_lines": 1, "excluded_lines": 0, "percent_statements_covered": 0.0, "percent_statements_covered_display": "0"}, "missing_lines": [1573], "excluded_lines": [], "start_line": 1572}, "KlingO3ProTextToVideo.process": {"executed_lines": [], "summary": {"covered_lines": 0, "num_statements": 8, "percent_covered": 0.0, "percent_covered_display": "0", "missing_lines": 8, "excluded_lines": 0, "percent_statements_covered": 0.0, "percent_statements_covered_display": "0"}, "missing_lines": [1610, 1616, 1617, 1618, 1619, 1621, 1626, 1627], "excluded_lines": [], "start_line": 1609}, "KlingO3ProTextToVideo.get_basic_fields": {"executed_lines": [], "summary": {"covered_lines": 0, "num_statements": 1, "percent_covered": 0.0, "percent_covered_display": "0", "missing_lines": 1, "excluded_lines": 0, "percent_statements_covered": 0.0, "percent_statements_covered_display": "0"}, "missing_lines": [1631], "excluded_lines": [], "start_line": 1630}, "": {"executed_lines": [1, 2, 3, 4, 5, 6, 7, 20, 21, 22, 25, 26, 27, 28, 31, 32, 33, 36, 49, 53, 57, 61, 65, 69, 70, 73, 77, 99, 100, 104, 116, 117, 119, 132, 133, 137, 149, 150, 152, 165, 166, 170, 182, 183, 184, 186, 205, 206, 210, 222, 223, 224, 226, 243, 244, 248, 260, 261, 262, 264, 282, 283, 287, 299, 302, 306, 310, 314, 317, 320, 323, 326, 330, 355, 356, 360, 372, 375, 378, 381, 385, 389, 392, 395, 398, 402, 429, 430, 434, 447, 450, 453, 456, 461, 479, 480, 484, 497, 500, 503, 508, 524, 525, 529, 542, 545, 549, 562, 563, 567, 580, 583, 587, 600, 601, 605, 618, 621, 625, 638, 639, 643, 656, 659, 662, 666, 670, 677, 694, 695, 699, 712, 715, 719, 723, 727, 734, 750, 751, 758, 771, 774, 778, 779, 783, 787, 789, 808, 809, 813, 826, 829, 833, 837, 841, 843, 861, 862, 866, 879, 882, 886, 891, 906, 907, 911, 924, 927, 930, 933, 935, 952, 953, 957, 970, 973, 976, 979, 981, 998, 999, 1003, 1016, 1019, 1022, 1024, 1041, 1042, 1046, 1059, 1062, 1064, 1079, 1080, 1084, 1085, 1086, 1087, 1090, 1103, 1106, 1110, 1114, 1116, 1133, 1134, 1138, 1139, 1140, 1143, 1156, 1159, 1162, 1166, 1168, 1185, 1186, 1190, 1203, 1206, 1209, 1212, 1215, 1217, 1236, 1237, 1241, 1254, 1257, 1260, 1263, 1266, 1268, 1287, 1288, 1292, 1305, 1308, 1311, 1314, 1317, 1319, 1338, 1339, 1343, 1345, 1346, 1347, 1348, 1349, 1350, 1351, 1352, 1353, 1354, 1355, 1356, 1357, 1360, 1361, 1362, 1363, 1366, 1368, 1369, 1372, 1385, 1388, 1392, 1396, 1400, 1404, 1408, 1412, 1419, 1440, 1441, 1445, 1458, 1461, 1465, 1469, 1473, 1477, 1481, 1485, 1492, 1513, 1514, 1518, 1531, 1534, 1538, 1542, 1546, 1551, 1571, 1572, 1576, 1589, 1592, 1596, 1600, 1604, 1609, 1629, 1630], "summary": {"covered_lines": 307, "num_statements": 307, "percent_covered": 100.0, "percent_covered_display": "100", "missing_lines": 0, "excluded_lines": 0, "percent_statements_covered": 100.0, "percent_statements_covered_display": "100"}, "missing_lines": [], "excluded_lines": [], "start_line": 1}}, "classes": {"Veo3AspectRatio": {"executed_lines": [], "summary": {"covered_lines": 0, "num_statements": 0, "percent_covered": 100.0, "percent_covered_display": "100", "missing_lines": 0, "excluded_lines": 0, "percent_statements_covered": 100.0, "percent_statements_covered_display": "100"}, "missing_lines": [], "excluded_lines": [], "start_line": 20}, "Veo3Duration": {"executed_lines": [], "summary": {"covered_lines": 0, "num_statements": 0, "percent_covered": 100.0, "percent_covered_display": "100", "missing_lines": 0, "excluded_lines": 0, "percent_statements_covered": 100.0, "percent_statements_covered_display": "100"}, "missing_lines": [], "excluded_lines": [], "start_line": 25}, "Veo3Resolution": {"executed_lines": [], "summary": {"covered_lines": 0, "num_statements": 0, "percent_covered": 100.0, "percent_covered_display": "100", "missing_lines": 0, "excluded_lines": 0, "percent_statements_covered": 100.0, "percent_statements_covered_display": "100"}, "missing_lines": [], "excluded_lines": [], "start_line": 31}, "Veo3": {"executed_lines": [], "summary": {"covered_lines": 0, "num_statements": 9, "percent_covered": 0.0, "percent_covered_display": "0", "missing_lines": 9, "excluded_lines": 0, "percent_statements_covered": 0.0, "percent_statements_covered_display": "0"}, "missing_lines": [78, 86, 87, 88, 89, 91, 96, 97, 101], "excluded_lines": [], "start_line": 36}, "PixverseTextToVideo": {"executed_lines": [], "summary": {"covered_lines": 0, "num_statements": 7, "percent_covered": 0.0, "percent_covered_display": "0", "missing_lines": 7, "excluded_lines": 0, "percent_statements_covered": 0.0, "percent_statements_covered_display": "0"}, "missing_lines": [120, 121, 122, 124, 129, 130, 134], "excluded_lines": [], "start_line": 104}, "PixverseTextToVideoFast": {"executed_lines": [], "summary": {"covered_lines": 0, "num_statements": 7, "percent_covered": 0.0, "percent_covered_display": "0", "missing_lines": 7, "excluded_lines": 0, "percent_statements_covered": 0.0, "percent_statements_covered_display": "0"}, "missing_lines": [153, 154, 155, 157, 162, 163, 167], "excluded_lines": [], "start_line": 137}, "PixverseTransition": {"executed_lines": [], "summary": {"covered_lines": 0, "num_statements": 9, "percent_covered": 0.0, "percent_covered_display": "0", "missing_lines": 9, "excluded_lines": 0, "percent_statements_covered": 0.0, "percent_statements_covered_display": "0"}, "missing_lines": [187, 188, 190, 194, 195, 197, 202, 203, 207], "excluded_lines": [], "start_line": 170}, "PixverseEffects": {"executed_lines": [], "summary": {"covered_lines": 0, "num_statements": 10, "percent_covered": 0.0, "percent_covered_display": "0", "missing_lines": 10, "excluded_lines": 0, "percent_statements_covered": 0.0, "percent_statements_covered_display": "0"}, "missing_lines": [227, 228, 229, 231, 232, 233, 235, 240, 241, 245], "excluded_lines": [], "start_line": 210}, "PixverseImageToVideo": {"executed_lines": [], "summary": {"covered_lines": 0, "num_statements": 8, "percent_covered": 0.0, "percent_covered_display": "0", "missing_lines": 8, "excluded_lines": 0, "percent_statements_covered": 0.0, "percent_statements_covered_display": "0"}, "missing_lines": [265, 267, 271, 272, 274, 279, 280, 284], "excluded_lines": [], "start_line": 248}, "PixverseV56TextToVideo": {"executed_lines": [], "summary": {"covered_lines": 0, "num_statements": 13, "percent_covered": 0.0, "percent_covered_display": "0", "missing_lines": 13, "excluded_lines": 0, "percent_statements_covered": 0.0, "percent_statements_covered_display": "0"}, "missing_lines": [331, 338, 339, 340, 341, 342, 343, 344, 345, 347, 352, 353, 357], "excluded_lines": [], "start_line": 287}, "PixverseV56Transition": {"executed_lines": [], "summary": {"covered_lines": 0, "num_statements": 13, "percent_covered": 0.0, "percent_covered_display": "0", "missing_lines": 13, "excluded_lines": 0, "percent_statements_covered": 0.0, "percent_statements_covered_display": "0"}, "missing_lines": [403, 405, 413, 414, 415, 416, 417, 418, 419, 421, 426, 427, 431], "excluded_lines": [], "start_line": 360}, "WanProImageToVideo": {"executed_lines": [], "summary": {"covered_lines": 0, "num_statements": 8, "percent_covered": 0.0, "percent_covered_display": "0", "missing_lines": 8, "excluded_lines": 0, "percent_statements_covered": 0.0, "percent_statements_covered_display": "0"}, "missing_lines": [462, 463, 468, 469, 471, 476, 477, 481], "excluded_lines": [], "start_line": 434}, "WanProTextToVideo": {"executed_lines": [], "summary": {"covered_lines": 0, "num_statements": 7, "percent_covered": 0.0, "percent_covered_display": "0", "missing_lines": 7, "excluded_lines": 0, "percent_statements_covered": 0.0, "percent_statements_covered_display": "0"}, "missing_lines": [509, 513, 514, 516, 521, 522, 526], "excluded_lines": [], "start_line": 484}, "WanV2_1_13BTextToVideo": {"executed_lines": [], "summary": {"covered_lines": 0, "num_statements": 7, "percent_covered": 0.0, "percent_covered_display": "0", "missing_lines": 7, "excluded_lines": 0, "percent_statements_covered": 0.0, "percent_statements_covered_display": "0"}, "missing_lines": [550, 551, 552, 554, 559, 560, 564], "excluded_lines": [], "start_line": 529}, "WanT2V": {"executed_lines": [], "summary": {"covered_lines": 0, "num_statements": 7, "percent_covered": 0.0, "percent_covered_display": "0", "missing_lines": 7, "excluded_lines": 0, "percent_statements_covered": 0.0, "percent_statements_covered_display": "0"}, "missing_lines": [588, 589, 590, 592, 597, 598, 602], "excluded_lines": [], "start_line": 567}, "WanFlf2V": {"executed_lines": [], "summary": {"covered_lines": 0, "num_statements": 7, "percent_covered": 0.0, "percent_covered_display": "0", "missing_lines": 7, "excluded_lines": 0, "percent_statements_covered": 0.0, "percent_statements_covered_display": "0"}, "missing_lines": [626, 627, 628, 630, 635, 636, 640], "excluded_lines": [], "start_line": 605}, "KlingVideoV2": {"executed_lines": [], "summary": {"covered_lines": 0, "num_statements": 6, "percent_covered": 0.0, "percent_covered_display": "0", "missing_lines": 6, "excluded_lines": 0, "percent_statements_covered": 0.0, "percent_statements_covered_display": "0"}, "missing_lines": [678, 679, 686, 691, 692, 696], "excluded_lines": [], "start_line": 643}, "KlingTextToVideoV2": {"executed_lines": [], "summary": {"covered_lines": 0, "num_statements": 5, "percent_covered": 0.0, "percent_covered_display": "0", "missing_lines": 5, "excluded_lines": 0, "percent_statements_covered": 0.0, "percent_statements_covered_display": "0"}, "missing_lines": [735, 742, 747, 748, 752], "excluded_lines": [], "start_line": 699}, "LumaRay2TextToVideo": {"executed_lines": [], "summary": {"covered_lines": 0, "num_statements": 7, "percent_covered": 0.0, "percent_covered_display": "0", "missing_lines": 7, "excluded_lines": 0, "percent_statements_covered": 0.0, "percent_statements_covered_display": "0"}, "missing_lines": [790, 797, 798, 800, 805, 806, 810], "excluded_lines": [], "start_line": 758}, "LumaRay2FlashTextToVideo": {"executed_lines": [], "summary": {"covered_lines": 0, "num_statements": 7, "percent_covered": 0.0, "percent_covered_display": "0", "missing_lines": 7, "excluded_lines": 0, "percent_statements_covered": 0.0, "percent_statements_covered_display": "0"}, "missing_lines": [844, 850, 851, 853, 858, 859, 863], "excluded_lines": [], "start_line": 813}, "KlingVideoV21TextToVideo": {"executed_lines": [], "summary": {"covered_lines": 0, "num_statements": 5, "percent_covered": 0.0, "percent_covered_display": "0", "missing_lines": 5, "excluded_lines": 0, "percent_statements_covered": 0.0, "percent_statements_covered_display": "0"}, "missing_lines": [892, 898, 903, 904, 908], "excluded_lines": [], "start_line": 866}, "HunyuanVideo": {"executed_lines": [], "summary": {"covered_lines": 0, "num_statements": 7, "percent_covered": 0.0, "percent_covered_display": "0", "missing_lines": 7, "excluded_lines": 0, "percent_statements_covered": 0.0, "percent_statements_covered_display": "0"}, "missing_lines": [936, 941, 942, 944, 949, 950, 954], "excluded_lines": [], "start_line": 911}, "HunyuanVideoV15TextToVideo": {"executed_lines": [], "summary": {"covered_lines": 0, "num_statements": 7, "percent_covered": 0.0, "percent_covered_display": "0", "missing_lines": 7, "excluded_lines": 0, "percent_statements_covered": 0.0, "percent_statements_covered_display": "0"}, "missing_lines": [982, 987, 988, 990, 995, 996, 1000], "excluded_lines": [], "start_line": 957}, "PikaV22TextToVideo": {"executed_lines": [], "summary": {"covered_lines": 0, "num_statements": 9, "percent_covered": 0.0, "percent_covered_display": "0", "missing_lines": 9, "excluded_lines": 0, "percent_statements_covered": 0.0, "percent_statements_covered_display": "0"}, "missing_lines": [1025, 1028, 1029, 1030, 1031, 1033, 1038, 1039, 1043], "excluded_lines": [], "start_line": 1003}, "PikaV21TextToVideo": {"executed_lines": [], "summary": {"covered_lines": 0, "num_statements": 7, "percent_covered": 0.0, "percent_covered_display": "0", "missing_lines": 7, "excluded_lines": 0, "percent_statements_covered": 0.0, "percent_statements_covered_display": "0"}, "missing_lines": [1065, 1068, 1069, 1071, 1076, 1077, 1081], "excluded_lines": [], "start_line": 1046}, "Sora2Duration": {"executed_lines": [], "summary": {"covered_lines": 0, "num_statements": 0, "percent_covered": 100.0, "percent_covered_display": "100", "missing_lines": 0, "excluded_lines": 0, "percent_statements_covered": 100.0, "percent_statements_covered_display": "100"}, "missing_lines": [], "excluded_lines": [], "start_line": 1084}, "Sora2TextToVideo": {"executed_lines": [], "summary": {"covered_lines": 0, "num_statements": 7, "percent_covered": 0.0, "percent_covered_display": "0", "missing_lines": 7, "excluded_lines": 0, "percent_statements_covered": 0.0, "percent_statements_covered_display": "0"}, "missing_lines": [1117, 1122, 1123, 1125, 1130, 1131, 1135], "excluded_lines": [], "start_line": 1090}, "MiniMaxDuration": {"executed_lines": [], "summary": {"covered_lines": 0, "num_statements": 0, "percent_covered": 100.0, "percent_covered_display": "100", "missing_lines": 0, "excluded_lines": 0, "percent_statements_covered": 100.0, "percent_statements_covered_display": "100"}, "missing_lines": [], "excluded_lines": [], "start_line": 1138}, "MiniMaxHailuo23TextToVideo": {"executed_lines": [], "summary": {"covered_lines": 0, "num_statements": 7, "percent_covered": 0.0, "percent_covered_display": "0", "missing_lines": 7, "excluded_lines": 0, "percent_statements_covered": 0.0, "percent_statements_covered_display": "0"}, "missing_lines": [1169, 1174, 1175, 1177, 1182, 1183, 1187], "excluded_lines": [], "start_line": 1143}, "MochiV1": {"executed_lines": [], "summary": {"covered_lines": 0, "num_statements": 9, "percent_covered": 0.0, "percent_covered_display": "0", "missing_lines": 9, "excluded_lines": 0, "percent_statements_covered": 0.0, "percent_statements_covered_display": "0"}, "missing_lines": [1218, 1223, 1224, 1225, 1226, 1228, 1233, 1234, 1238], "excluded_lines": [], "start_line": 1190}, "LTX2TextToVideo": {"executed_lines": [], "summary": {"covered_lines": 0, "num_statements": 9, "percent_covered": 0.0, "percent_covered_display": "0", "missing_lines": 9, "excluded_lines": 0, "percent_statements_covered": 0.0, "percent_statements_covered_display": "0"}, "missing_lines": [1269, 1274, 1275, 1276, 1277, 1279, 1284, 1285, 1289], "excluded_lines": [], "start_line": 1241}, "Kandinsky5TextToVideo": {"executed_lines": [], "summary": {"covered_lines": 0, "num_statements": 9, "percent_covered": 0.0, "percent_covered_display": "0", "missing_lines": 9, "excluded_lines": 0, "percent_statements_covered": 0.0, "percent_statements_covered_display": "0"}, "missing_lines": [1320, 1325, 1326, 1327, 1328, 1330, 1335, 1336, 1340], "excluded_lines": [], "start_line": 1292}, "Kling3Duration": {"executed_lines": [], "summary": {"covered_lines": 0, "num_statements": 0, "percent_covered": 100.0, "percent_covered_display": "100", "missing_lines": 0, "excluded_lines": 0, "percent_statements_covered": 100.0, "percent_statements_covered_display": "100"}, "missing_lines": [], "excluded_lines": [], "start_line": 1343}, "Kling3AspectRatio": {"executed_lines": [], "summary": {"covered_lines": 0, "num_statements": 0, "percent_covered": 100.0, "percent_covered_display": "100", "missing_lines": 0, "excluded_lines": 0, "percent_statements_covered": 100.0, "percent_statements_covered_display": "100"}, "missing_lines": [], "excluded_lines": [], "start_line": 1360}, "Kling3ShotType": {"executed_lines": [], "summary": {"covered_lines": 0, "num_statements": 0, "percent_covered": 100.0, "percent_covered_display": "100", "missing_lines": 0, "excluded_lines": 0, "percent_statements_covered": 100.0, "percent_statements_covered_display": "100"}, "missing_lines": [], "excluded_lines": [], "start_line": 1366}, "KlingV3TextToVideo": {"executed_lines": [], "summary": {"covered_lines": 0, "num_statements": 7, "percent_covered": 0.0, "percent_covered_display": "0", "missing_lines": 7, "excluded_lines": 0, "percent_statements_covered": 0.0, "percent_statements_covered_display": "0"}, "missing_lines": [1420, 1429, 1430, 1432, 1437, 1438, 1442], "excluded_lines": [], "start_line": 1372}, "KlingV3ProTextToVideo": {"executed_lines": [], "summary": {"covered_lines": 0, "num_statements": 7, "percent_covered": 0.0, "percent_covered_display": "0", "missing_lines": 7, "excluded_lines": 0, "percent_statements_covered": 0.0, "percent_statements_covered_display": "0"}, "missing_lines": [1493, 1502, 1503, 1505, 1510, 1511, 1515], "excluded_lines": [], "start_line": 1445}, "KlingO3TextToVideo": {"executed_lines": [], "summary": {"covered_lines": 0, "num_statements": 9, "percent_covered": 0.0, "percent_covered_display": "0", "missing_lines": 9, "excluded_lines": 0, "percent_statements_covered": 0.0, "percent_statements_covered_display": "0"}, "missing_lines": [1552, 1558, 1559, 1560, 1561, 1563, 1568, 1569, 1573], "excluded_lines": [], "start_line": 1518}, "KlingO3ProTextToVideo": {"executed_lines": [], "summary": {"covered_lines": 0, "num_statements": 9, "percent_covered": 0.0, "percent_covered_display": "0", "missing_lines": 9, "excluded_lines": 0, "percent_statements_covered": 0.0, "percent_statements_covered_display": "0"}, "missing_lines": [1610, 1616, 1617, 1618, 1619, 1621, 1626, 1627, 1631], "excluded_lines": [], "start_line": 1576}, "": {"executed_lines": [1, 2, 3, 4, 5, 6, 7, 20, 21, 22, 25, 26, 27, 28, 31, 32, 33, 36, 49, 53, 57, 61, 65, 69, 70, 73, 77, 99, 100, 104, 116, 117, 119, 132, 133, 137, 149, 150, 152, 165, 166, 170, 182, 183, 184, 186, 205, 206, 210, 222, 223, 224, 226, 243, 244, 248, 260, 261, 262, 264, 282, 283, 287, 299, 302, 306, 310, 314, 317, 320, 323, 326, 330, 355, 356, 360, 372, 375, 378, 381, 385, 389, 392, 395, 398, 402, 429, 430, 434, 447, 450, 453, 456, 461, 479, 480, 484, 497, 500, 503, 508, 524, 525, 529, 542, 545, 549, 562, 563, 567, 580, 583, 587, 600, 601, 605, 618, 621, 625, 638, 639, 643, 656, 659, 662, 666, 670, 677, 694, 695, 699, 712, 715, 719, 723, 727, 734, 750, 751, 758, 771, 774, 778, 779, 783, 787, 789, 808, 809, 813, 826, 829, 833, 837, 841, 843, 861, 862, 866, 879, 882, 886, 891, 906, 907, 911, 924, 927, 930, 933, 935, 952, 953, 957, 970, 973, 976, 979, 981, 998, 999, 1003, 1016, 1019, 1022, 1024, 1041, 1042, 1046, 1059, 1062, 1064, 1079, 1080, 1084, 1085, 1086, 1087, 1090, 1103, 1106, 1110, 1114, 1116, 1133, 1134, 1138, 1139, 1140, 1143, 1156, 1159, 1162, 1166, 1168, 1185, 1186, 1190, 1203, 1206, 1209, 1212, 1215, 1217, 1236, 1237, 1241, 1254, 1257, 1260, 1263, 1266, 1268, 1287, 1288, 1292, 1305, 1308, 1311, 1314, 1317, 1319, 1338, 1339, 1343, 1345, 1346, 1347, 1348, 1349, 1350, 1351, 1352, 1353, 1354, 1355, 1356, 1357, 1360, 1361, 1362, 1363, 1366, 1368, 1369, 1372, 1385, 1388, 1392, 1396, 1400, 1404, 1408, 1412, 1419, 1440, 1441, 1445, 1458, 1461, 1465, 1469, 1473, 1477, 1481, 1485, 1492, 1513, 1514, 1518, 1531, 1534, 1538, 1542, 1546, 1551, 1571, 1572, 1576, 1589, 1592, 1596, 1600, 1604, 1609, 1629, 1630], "summary": {"covered_lines": 307, "num_statements": 307, "percent_covered": 100.0, "percent_covered_display": "100", "missing_lines": 0, "excluded_lines": 0, "percent_statements_covered": 100.0, "percent_statements_covered_display": "100"}, "missing_lines": [], "excluded_lines": [], "start_line": 1}}}}, "totals": {"covered_lines": 2840, "num_statements": 5086, "percent_covered": 55.83955957530476, "percent_covered_display": "56", "missing_lines": 2246, "excluded_lines": 0, "percent_statements_covered": 55.83955957530476, "percent_statements_covered_display": "56"}}